{"/home/raymondsze/Documents/Workspace/react-rsa/packages/react-rsa/src/configureStore.js": {"path":"/home/raymondsze/Documents/Workspace/react-rsa/packages/react-rsa/src/configureStore.js","statementMap":{"0":{"start":{"line":1,"column":13},"end":{"line":1,"column":75}},"1":{"start":{"line":1,"column":90},"end":{"line":1,"column":321}},"2":{"start":{"line":1,"column":126},"end":{"line":1,"column":306}},"3":{"start":{"line":1,"column":183},"end":{"line":1,"column":195}},"4":{"start":{"line":1,"column":196},"end":{"line":1,"column":305}},"5":{"start":{"line":1,"column":221},"end":{"line":1,"column":304}},"6":{"start":{"line":1,"column":277},"end":{"line":1,"column":303}},"7":{"start":{"line":1,"column":306},"end":{"line":1,"column":320}},"8":{"start":{"line":1,"column":336},"end":{"line":1,"column":586}},"9":{"start":{"line":1,"column":422},"end":{"line":1,"column":440}},"10":{"start":{"line":1,"column":460},"end":{"line":1,"column":585}},"11":{"start":{"line":1,"column":587},"end":{"line":9,"column":15}},"12":{"start":{"line":9,"column":28},"end":{"line":9,"column":44}},"13":{"start":{"line":9,"column":62},"end":{"line":9,"column":82}},"14":{"start":{"line":9,"column":107},"end":{"line":9,"column":136}},"15":{"start":{"line":9,"column":154},"end":{"line":9,"column":175}},"16":{"start":{"line":9,"column":194},"end":{"line":9,"column":228}},"17":{"start":{"line":9,"column":250},"end":{"line":9,"column":276}},"18":{"start":{"line":9,"column":299},"end":{"line":9,"column":337}},"19":{"start":{"line":9,"column":376},"end":{"line":9,"column":430}},"20":{"start":{"line":9,"column":465},"end":{"line":9,"column":616}},"21":{"start":{"line":9,"column":490},"end":{"line":9,"column":572}},"22":{"start":{"line":9,"column":554},"end":{"line":9,"column":571}},"23":{"start":{"line":9,"column":572},"end":{"line":9,"column":584}},"24":{"start":{"line":9,"column":592},"end":{"line":9,"column":615}},"25":{"start":{"line":9,"column":638},"end":{"line":9,"column":664}},"26":{"start":{"line":15,"column":18},"end":{"line":15,"column":28}},"27":{"start":{"line":15,"column":37},"end":{"line":15,"column":79}},"28":{"start":{"line":15,"column":89},"end":{"line":15,"column":100}},"29":{"start":{"line":15,"column":111},"end":{"line":15,"column":123}},"30":{"start":{"line":15,"column":135},"end":{"line":15,"column":148}},"31":{"start":{"line":15,"column":161},"end":{"line":15,"column":175}},"32":{"start":{"line":19,"column":20},"end":{"line":22,"column":22}},"33":{"start":{"line":25,"column":23},"end":{"line":27,"column":13}},"34":{"start":{"line":34,"column":2},"end":{"line":37,"column":62}},"35":{"start":{"line":40,"column":14},"end":{"line":43,"column":72}},"36":{"start":{"line":47,"column":2},"end":{"line":47,"column":37}},"37":{"start":{"line":50,"column":2},"end":{"line":50,"column":33}},"38":{"start":{"line":53,"column":2},"end":{"line":59,"column":4}},"39":{"start":{"line":54,"column":4},"end":{"line":56,"column":19}},"40":{"start":{"line":58,"column":4},"end":{"line":58,"column":84}},"41":{"start":{"line":61,"column":2},"end":{"line":63,"column":4}},"42":{"start":{"line":62,"column":4},"end":{"line":62,"column":29}},"43":{"start":{"line":65,"column":2},"end":{"line":65,"column":15}}},"fnMap":{"0":{"name":"(anonymous_0)","decl":{"start":{"line":1,"column":107},"end":{"line":1,"column":108}},"loc":{"start":{"line":1,"column":125},"end":{"line":1,"column":321}},"line":1},"1":{"name":"(anonymous_1)","decl":{"start":{"line":1,"column":406},"end":{"line":1,"column":407}},"loc":{"start":{"line":1,"column":421},"end":{"line":1,"column":441}},"line":1},"2":{"name":"(anonymous_2)","decl":{"start":{"line":1,"column":444},"end":{"line":1,"column":445}},"loc":{"start":{"line":1,"column":459},"end":{"line":1,"column":586}},"line":1},"3":{"name":"_interopRequireDefault","decl":{"start":{"line":9,"column":347},"end":{"line":9,"column":369}},"loc":{"start":{"line":9,"column":375},"end":{"line":9,"column":431}},"line":9},"4":{"name":"_toConsumableArray","decl":{"start":{"line":9,"column":440},"end":{"line":9,"column":458}},"loc":{"start":{"line":9,"column":464},"end":{"line":9,"column":617}},"line":9},"5":{"name":"configureStore","decl":{"start":{"line":9,"column":674},"end":{"line":9,"column":688}},"loc":{"start":{"line":15,"column":0},"end":{"line":66,"column":1}},"line":15},"6":{"name":"(anonymous_6)","decl":{"start":{"line":53,"column":30},"end":{"line":53,"column":31}},"loc":{"start":{"line":53,"column":55},"end":{"line":59,"column":3}},"line":53},"7":{"name":"(anonymous_7)","decl":{"start":{"line":61,"column":27},"end":{"line":61,"column":28}},"loc":{"start":{"line":61,"column":44},"end":{"line":63,"column":3}},"line":61}},"branchMap":{"0":{"loc":{"start":{"line":1,"column":90},"end":{"line":1,"column":321}},"type":"binary-expr","locations":[{"start":{"line":1,"column":90},"end":{"line":1,"column":103}},{"start":{"line":1,"column":107},"end":{"line":1,"column":321}}],"line":1},"1":{"loc":{"start":{"line":1,"column":221},"end":{"line":1,"column":304}},"type":"if","locations":[{"start":{"line":1,"column":221},"end":{"line":1,"column":304}},{"start":{"line":1,"column":221},"end":{"line":1,"column":304}}],"line":1},"2":{"loc":{"start":{"line":1,"column":336},"end":{"line":1,"column":586}},"type":"cond-expr","locations":[{"start":{"line":1,"column":406},"end":{"line":1,"column":441}},{"start":{"line":1,"column":444},"end":{"line":1,"column":586}}],"line":1},"3":{"loc":{"start":{"line":1,"column":336},"end":{"line":1,"column":403}},"type":"binary-expr","locations":[{"start":{"line":1,"column":336},"end":{"line":1,"column":364}},{"start":{"line":1,"column":368},"end":{"line":1,"column":403}}],"line":1},"4":{"loc":{"start":{"line":1,"column":467},"end":{"line":1,"column":584}},"type":"cond-expr","locations":[{"start":{"line":1,"column":563},"end":{"line":1,"column":571}},{"start":{"line":1,"column":574},"end":{"line":1,"column":584}}],"line":1},"5":{"loc":{"start":{"line":1,"column":467},"end":{"line":1,"column":560}},"type":"binary-expr","locations":[{"start":{"line":1,"column":467},"end":{"line":1,"column":470}},{"start":{"line":1,"column":474},"end":{"line":1,"column":502}},{"start":{"line":1,"column":506},"end":{"line":1,"column":532}},{"start":{"line":1,"column":536},"end":{"line":1,"column":560}}],"line":1},"6":{"loc":{"start":{"line":9,"column":383},"end":{"line":9,"column":429}},"type":"cond-expr","locations":[{"start":{"line":9,"column":407},"end":{"line":9,"column":410}},{"start":{"line":9,"column":413},"end":{"line":9,"column":429}}],"line":9},"7":{"loc":{"start":{"line":9,"column":383},"end":{"line":9,"column":404}},"type":"binary-expr","locations":[{"start":{"line":9,"column":383},"end":{"line":9,"column":386}},{"start":{"line":9,"column":390},"end":{"line":9,"column":404}}],"line":9},"8":{"loc":{"start":{"line":9,"column":465},"end":{"line":9,"column":616}},"type":"if","locations":[{"start":{"line":9,"column":465},"end":{"line":9,"column":616}},{"start":{"line":9,"column":465},"end":{"line":9,"column":616}}],"line":9},"9":{"loc":{"start":{"line":15,"column":37},"end":{"line":15,"column":79}},"type":"cond-expr","locations":[{"start":{"line":15,"column":64},"end":{"line":15,"column":66}},{"start":{"line":15,"column":69},"end":{"line":15,"column":79}}],"line":15},"10":{"loc":{"start":{"line":34,"column":2},"end":{"line":37,"column":62}},"type":"cond-expr","locations":[{"start":{"line":37,"column":2},"end":{"line":37,"column":45}},{"start":{"line":37,"column":48},"end":{"line":37,"column":62}}],"line":34},"11":{"loc":{"start":{"line":34,"column":2},"end":{"line":36,"column":45}},"type":"binary-expr","locations":[{"start":{"line":34,"column":2},"end":{"line":34,"column":39}},{"start":{"line":35,"column":2},"end":{"line":35,"column":78}},{"start":{"line":36,"column":2},"end":{"line":36,"column":45}}],"line":34},"12":{"loc":{"start":{"line":35,"column":3},"end":{"line":35,"column":64}},"type":"cond-expr","locations":[{"start":{"line":35,"column":35},"end":{"line":35,"column":46}},{"start":{"line":35,"column":49},"end":{"line":35,"column":64}}],"line":35}},"s":{"0":0,"1":0,"2":0,"3":0,"4":0,"5":0,"6":0,"7":0,"8":0,"9":0,"10":0,"11":0,"12":0,"13":0,"14":0,"15":0,"16":0,"17":0,"18":0,"19":0,"20":0,"21":0,"22":0,"23":0,"24":0,"25":0,"26":0,"27":0,"28":0,"29":0,"30":0,"31":0,"32":0,"33":0,"34":0,"35":0,"36":0,"37":0,"38":0,"39":0,"40":0,"41":0,"42":0,"43":0},"f":{"0":0,"1":0,"2":0,"3":0,"4":0,"5":0,"6":0,"7":0},"b":{"0":[0,0],"1":[0,0],"2":[0,0],"3":[0,0],"4":[0,0],"5":[0,0,0,0],"6":[0,0],"7":[0,0],"8":[0,0],"9":[0,0],"10":[0,0],"11":[0,0,0],"12":[0,0]}}
,"/home/raymondsze/Documents/Workspace/react-rsa/packages/react-rsa/src/createReducer.js": {"path":"/home/raymondsze/Documents/Workspace/react-rsa/packages/react-rsa/src/createReducer.js","statementMap":{"0":{"start":{"line":1,"column":13},"end":{"line":1,"column":75}},"1":{"start":{"line":1,"column":90},"end":{"line":1,"column":321}},"2":{"start":{"line":1,"column":126},"end":{"line":1,"column":306}},"3":{"start":{"line":1,"column":183},"end":{"line":1,"column":195}},"4":{"start":{"line":1,"column":196},"end":{"line":1,"column":305}},"5":{"start":{"line":1,"column":221},"end":{"line":1,"column":304}},"6":{"start":{"line":1,"column":277},"end":{"line":1,"column":303}},"7":{"start":{"line":1,"column":306},"end":{"line":1,"column":320}},"8":{"start":{"line":1,"column":339},"end":{"line":1,"column":359}},"9":{"start":{"line":2,"column":22},"end":{"line":2,"column":48}},"10":{"start":{"line":3,"column":24},"end":{"line":3,"column":53}},"11":{"start":{"line":9,"column":24},"end":{"line":10,"column":36}},"12":{"start":{"line":15,"column":37},"end":{"line":15,"column":122}},"13":{"start":{"line":15,"column":136},"end":{"line":15,"column":148}},"14":{"start":{"line":16,"column":2},"end":{"line":22,"column":20}},"15":{"start":{"line":18,"column":6},"end":{"line":19,"column":53}},"16":{"start":{"line":22,"column":6},"end":{"line":22,"column":19}},"17":{"start":{"line":28,"column":2},"end":{"line":31,"column":18}},"18":{"start":{"line":33,"column":1},"end":{"line":35,"column":14}}},"fnMap":{"0":{"name":"(anonymous_0)","decl":{"start":{"line":1,"column":107},"end":{"line":1,"column":108}},"loc":{"start":{"line":1,"column":125},"end":{"line":1,"column":321}},"line":1},"1":{"name":"routeReducer","decl":{"start":{"line":15,"column":9},"end":{"line":15,"column":21}},"loc":{"start":{"line":15,"column":24},"end":{"line":24,"column":1}},"line":15},"2":{"name":"createReducer","decl":{"start":{"line":27,"column":9},"end":{"line":27,"column":22}},"loc":{"start":{"line":27,"column":52},"end":{"line":33,"column":1}},"line":27}},"branchMap":{"0":{"loc":{"start":{"line":1,"column":90},"end":{"line":1,"column":321}},"type":"binary-expr","locations":[{"start":{"line":1,"column":90},"end":{"line":1,"column":103}},{"start":{"line":1,"column":107},"end":{"line":1,"column":321}}],"line":1},"1":{"loc":{"start":{"line":1,"column":221},"end":{"line":1,"column":304}},"type":"if","locations":[{"start":{"line":1,"column":221},"end":{"line":1,"column":304}},{"start":{"line":1,"column":221},"end":{"line":1,"column":304}}],"line":1},"2":{"loc":{"start":{"line":15,"column":37},"end":{"line":15,"column":122}},"type":"cond-expr","locations":[{"start":{"line":15,"column":90},"end":{"line":15,"column":102}},{"start":{"line":15,"column":105},"end":{"line":15,"column":122}}],"line":15},"3":{"loc":{"start":{"line":15,"column":37},"end":{"line":15,"column":87}},"type":"binary-expr","locations":[{"start":{"line":15,"column":37},"end":{"line":15,"column":57}},{"start":{"line":15,"column":61},"end":{"line":15,"column":87}}],"line":15},"4":{"loc":{"start":{"line":16,"column":2},"end":{"line":22,"column":20}},"type":"switch","locations":[{"start":{"line":17,"column":4},"end":{"line":19,"column":53}},{"start":{"line":21,"column":4},"end":{"line":22,"column":19}}],"line":16}},"s":{"0":0,"1":0,"2":0,"3":0,"4":0,"5":0,"6":0,"7":0,"8":0,"9":0,"10":0,"11":0,"12":0,"13":0,"14":0,"15":0,"16":0,"17":0,"18":0},"f":{"0":0,"1":0,"2":0},"b":{"0":[0,0],"1":[0,0],"2":[0,0],"3":[0,0],"4":[0,0]}}
,"/home/raymondsze/Documents/Workspace/react-rsa/packages/react-rsa/src/index.js": {"path":"/home/raymondsze/Documents/Workspace/react-rsa/packages/react-rsa/src/index.js","statementMap":{"0":{"start":{"line":1,"column":13},"end":{"line":1,"column":75}},"1":{"start":{"line":1,"column":93},"end":{"line":1,"column":116}},"2":{"start":{"line":1,"column":117},"end":{"line":1,"column":329}},"3":{"start":{"line":1,"column":166},"end":{"line":1,"column":220}},"4":{"start":{"line":1,"column":213},"end":{"line":1,"column":220}},"5":{"start":{"line":1,"column":220},"end":{"line":1,"column":326}},"6":{"start":{"line":1,"column":297},"end":{"line":1,"column":321}},"7":{"start":{"line":1,"column":347},"end":{"line":1,"column":370}},"8":{"start":{"line":2,"column":0},"end":{"line":2,"column":212}},"9":{"start":{"line":2,"column":49},"end":{"line":2,"column":103}},"10":{"start":{"line":2,"column":96},"end":{"line":2,"column":103}},"11":{"start":{"line":2,"column":103},"end":{"line":2,"column":209}},"12":{"start":{"line":2,"column":180},"end":{"line":2,"column":204}}},"fnMap":{"0":{"name":"(anonymous_0)","decl":{"start":{"line":1,"column":150},"end":{"line":1,"column":151}},"loc":{"start":{"line":1,"column":165},"end":{"line":1,"column":327}},"line":1},"1":{"name":"get","decl":{"start":{"line":1,"column":290},"end":{"line":1,"column":293}},"loc":{"start":{"line":1,"column":296},"end":{"line":1,"column":322}},"line":1},"2":{"name":"(anonymous_2)","decl":{"start":{"line":2,"column":33},"end":{"line":2,"column":34}},"loc":{"start":{"line":2,"column":48},"end":{"line":2,"column":210}},"line":2},"3":{"name":"get","decl":{"start":{"line":2,"column":173},"end":{"line":2,"column":176}},"loc":{"start":{"line":2,"column":179},"end":{"line":2,"column":205}},"line":2}},"branchMap":{"0":{"loc":{"start":{"line":1,"column":166},"end":{"line":1,"column":220}},"type":"if","locations":[{"start":{"line":1,"column":166},"end":{"line":1,"column":220}},{"start":{"line":1,"column":166},"end":{"line":1,"column":220}}],"line":1},"1":{"loc":{"start":{"line":1,"column":170},"end":{"line":1,"column":211}},"type":"binary-expr","locations":[{"start":{"line":1,"column":170},"end":{"line":1,"column":187}},{"start":{"line":1,"column":191},"end":{"line":1,"column":211}}],"line":1},"2":{"loc":{"start":{"line":2,"column":49},"end":{"line":2,"column":103}},"type":"if","locations":[{"start":{"line":2,"column":49},"end":{"line":2,"column":103}},{"start":{"line":2,"column":49},"end":{"line":2,"column":103}}],"line":2},"3":{"loc":{"start":{"line":2,"column":53},"end":{"line":2,"column":94}},"type":"binary-expr","locations":[{"start":{"line":2,"column":53},"end":{"line":2,"column":70}},{"start":{"line":2,"column":74},"end":{"line":2,"column":94}}],"line":2}},"s":{"0":0,"1":0,"2":0,"3":0,"4":0,"5":0,"6":0,"7":0,"8":0,"9":0,"10":0,"11":0,"12":0},"f":{"0":0,"1":0,"2":0,"3":0},"b":{"0":[0,0],"1":[0,0],"2":[0,0],"3":[0,0]}}
,"/home/raymondsze/Documents/Workspace/react-rsa/packages/react-rsa/src/containers/index.js": {"path":"/home/raymondsze/Documents/Workspace/react-rsa/packages/react-rsa/src/containers/index.js","statementMap":{"0":{"start":{"line":1,"column":13},"end":{"line":1,"column":75}},"1":{"start":{"line":1,"column":75},"end":{"line":1,"column":107}},"2":{"start":{"line":1,"column":126},"end":{"line":1,"column":150}},"3":{"start":{"line":1,"column":171},"end":{"line":1,"column":207}},"4":{"start":{"line":1,"column":246},"end":{"line":1,"column":300}},"5":{"start":{"line":3,"column":49},"end":{"line":5,"column":36}}},"fnMap":{"0":{"name":"_interopRequireDefault","decl":{"start":{"line":1,"column":217},"end":{"line":1,"column":239}},"loc":{"start":{"line":1,"column":245},"end":{"line":1,"column":301}},"line":1}},"branchMap":{"0":{"loc":{"start":{"line":1,"column":253},"end":{"line":1,"column":299}},"type":"cond-expr","locations":[{"start":{"line":1,"column":277},"end":{"line":1,"column":280}},{"start":{"line":1,"column":283},"end":{"line":1,"column":299}}],"line":1},"1":{"loc":{"start":{"line":1,"column":253},"end":{"line":1,"column":274}},"type":"binary-expr","locations":[{"start":{"line":1,"column":253},"end":{"line":1,"column":256}},{"start":{"line":1,"column":260},"end":{"line":1,"column":274}}],"line":1}},"s":{"0":0,"1":0,"2":0,"3":0,"4":0,"5":0},"f":{"0":0},"b":{"0":[0,0],"1":[0,0]}}
,"/home/raymondsze/Documents/Workspace/react-rsa/packages/react-rsa/src/containers/LanguageProvider/actions.js": {"path":"/home/raymondsze/Documents/Workspace/react-rsa/packages/react-rsa/src/containers/LanguageProvider/actions.js","statementMap":{"0":{"start":{"line":1,"column":13},"end":{"line":1,"column":75}},"1":{"start":{"line":1,"column":75},"end":{"line":1,"column":108}},"2":{"start":{"line":1,"column":128},"end":{"line":1,"column":152}},"3":{"start":{"line":2,"column":17},"end":{"line":2,"column":39}},"4":{"start":{"line":2,"column":83},"end":{"line":2,"column":230}},"5":{"start":{"line":2,"column":100},"end":{"line":2,"column":204}},"6":{"start":{"line":2,"column":212},"end":{"line":2,"column":229}},"7":{"start":{"line":2,"column":230},"end":{"line":2,"column":241}},"8":{"start":{"line":8,"column":0},"end":{"line":10,"column":24}},"9":{"start":{"line":9,"column":19},"end":{"line":10,"column":21}},"10":{"start":{"line":10,"column":40},"end":{"line":10,"column":67}},"11":{"start":{"line":14,"column":49},"end":{"line":16,"column":28}}},"fnMap":{"0":{"name":"_defineProperty","decl":{"start":{"line":2,"column":49},"end":{"line":2,"column":64}},"loc":{"start":{"line":2,"column":82},"end":{"line":2,"column":242}},"line":2},"1":{"name":"(anonymous_1)","decl":{"start":{"line":9,"column":0},"end":{"line":9,"column":1}},"loc":{"start":{"line":9,"column":18},"end":{"line":10,"column":22}},"line":9}},"branchMap":{"0":{"loc":{"start":{"line":2,"column":83},"end":{"line":2,"column":230}},"type":"if","locations":[{"start":{"line":2,"column":83},"end":{"line":2,"column":230}},{"start":{"line":2,"column":83},"end":{"line":2,"column":230}}],"line":2}},"s":{"0":0,"1":0,"2":0,"3":0,"4":0,"5":0,"6":0,"7":0,"8":0,"9":0,"10":0,"11":0},"f":{"0":0,"1":0},"b":{"0":[0,0]}}
,"/home/raymondsze/Documents/Workspace/react-rsa/packages/react-rsa/src/containers/LanguageProvider/constants.js": {"path":"/home/raymondsze/Documents/Workspace/react-rsa/packages/react-rsa/src/containers/LanguageProvider/constants.js","statementMap":{"0":{"start":{"line":1,"column":13},"end":{"line":1,"column":75}},"1":{"start":{"line":1,"column":96},"end":{"line":1,"column":125}},"2":{"start":{"line":3,"column":20},"end":{"line":3,"column":59}}},"fnMap":{},"branchMap":{},"s":{"0":0,"1":0,"2":0},"f":{},"b":{}}
,"/home/raymondsze/Documents/Workspace/react-rsa/packages/react-rsa/src/containers/LanguageProvider/index.jsx": {"path":"/home/raymondsze/Documents/Workspace/react-rsa/packages/react-rsa/src/containers/LanguageProvider/index.jsx","statementMap":{"0":{"start":{"line":1,"column":13},"end":{"line":1,"column":75}},"1":{"start":{"line":1,"column":94},"end":{"line":1,"column":623}},"2":{"start":{"line":1,"column":149},"end":{"line":1,"column":414}},"3":{"start":{"line":1,"column":206},"end":{"line":1,"column":214}},"4":{"start":{"line":1,"column":215},"end":{"line":1,"column":270}},"5":{"start":{"line":1,"column":270},"end":{"line":1,"column":301}},"6":{"start":{"line":1,"column":301},"end":{"line":1,"column":355}},"7":{"start":{"line":1,"column":328},"end":{"line":1,"column":355}},"8":{"start":{"line":1,"column":355},"end":{"line":1,"column":413}},"9":{"start":{"line":1,"column":415},"end":{"line":1,"column":620}},"10":{"start":{"line":1,"column":471},"end":{"line":1,"column":539}},"11":{"start":{"line":1,"column":487},"end":{"line":1,"column":539}},"12":{"start":{"line":1,"column":539},"end":{"line":1,"column":599}},"13":{"start":{"line":1,"column":556},"end":{"line":1,"column":599}},"14":{"start":{"line":1,"column":599},"end":{"line":1,"column":618}},"15":{"start":{"line":1,"column":659},"end":{"line":1,"column":680}},"16":{"start":{"line":1,"column":699},"end":{"line":1,"column":733}},"17":{"start":{"line":2,"column":13},"end":{"line":2,"column":29}},"18":{"start":{"line":2,"column":44},"end":{"line":2,"column":74}},"19":{"start":{"line":3,"column":16},"end":{"line":3,"column":35}},"20":{"start":{"line":4,"column":18},"end":{"line":4,"column":40}},"21":{"start":{"line":5,"column":17},"end":{"line":5,"column":38}},"22":{"start":{"line":7,"column":16},"end":{"line":7,"column":37}},"23":{"start":{"line":7,"column":55},"end":{"line":7,"column":88}},"24":{"start":{"line":8,"column":17},"end":{"line":8,"column":39}},"25":{"start":{"line":9,"column":18},"end":{"line":9,"column":45}},"26":{"start":{"line":9,"column":84},"end":{"line":9,"column":138}},"27":{"start":{"line":9,"column":188},"end":{"line":9,"column":287}},"28":{"start":{"line":9,"column":229},"end":{"line":9,"column":286}},"29":{"start":{"line":9,"column":337},"end":{"line":9,"column":436}},"30":{"start":{"line":9,"column":349},"end":{"line":9,"column":435}},"31":{"start":{"line":9,"column":436},"end":{"line":9,"column":522}},"32":{"start":{"line":9,"column":565},"end":{"line":9,"column":728}},"33":{"start":{"line":9,"column":627},"end":{"line":9,"column":727}},"34":{"start":{"line":9,"column":728},"end":{"line":9,"column":892}},"35":{"start":{"line":9,"column":892},"end":{"line":9,"column":1010}},"36":{"start":{"line":9,"column":908},"end":{"line":9,"column":1010}},"37":{"start":{"line":11,"column":22},"end":{"line":14,"column":77}},"38":{"start":{"line":14,"column":29},"end":{"line":14,"column":75}},"39":{"start":{"line":17,"column":19},"end":{"line":17,"column":70}},"40":{"start":{"line":18,"column":16},"end":{"line":18,"column":57}},"41":{"start":{"line":21,"column":24},"end":{"line":39,"column":232}},"42":{"start":{"line":21,"column":64},"end":{"line":21,"column":104}},"43":{"start":{"line":21,"column":133},"end":{"line":21,"column":173}},"44":{"start":{"line":21,"column":173},"end":{"line":21,"column":309}},"45":{"start":{"line":21,"column":310},"end":{"line":39,"column":10}},"46":{"start":{"line":29,"column":6},"end":{"line":29,"column":16}},"47":{"start":{"line":29,"column":26},"end":{"line":29,"column":39}},"48":{"start":{"line":29,"column":51},"end":{"line":29,"column":66}},"49":{"start":{"line":29,"column":78},"end":{"line":29,"column":93}},"50":{"start":{"line":30,"column":6},"end":{"line":36,"column":52}},"51":{"start":{"line":39,"column":10},"end":{"line":39,"column":34}},"52":{"start":{"line":39,"column":234},"end":{"line":42,"column":42}}},"fnMap":{"0":{"name":"(anonymous_0)","decl":{"start":{"line":1,"column":94},"end":{"line":1,"column":95}},"loc":{"start":{"line":1,"column":106},"end":{"line":1,"column":621}},"line":1},"1":{"name":"defineProperties","decl":{"start":{"line":1,"column":116},"end":{"line":1,"column":132}},"loc":{"start":{"line":1,"column":148},"end":{"line":1,"column":415}},"line":1},"2":{"name":"(anonymous_2)","decl":{"start":{"line":1,"column":422},"end":{"line":1,"column":423}},"loc":{"start":{"line":1,"column":470},"end":{"line":1,"column":619}},"line":1},"3":{"name":"_interopRequireDefault","decl":{"start":{"line":9,"column":55},"end":{"line":9,"column":77}},"loc":{"start":{"line":9,"column":83},"end":{"line":9,"column":139}},"line":9},"4":{"name":"_classCallCheck","decl":{"start":{"line":9,"column":148},"end":{"line":9,"column":163}},"loc":{"start":{"line":9,"column":187},"end":{"line":9,"column":288}},"line":9},"5":{"name":"_possibleConstructorReturn","decl":{"start":{"line":9,"column":297},"end":{"line":9,"column":323}},"loc":{"start":{"line":9,"column":336},"end":{"line":9,"column":523}},"line":9},"6":{"name":"_inherits","decl":{"start":{"line":9,"column":532},"end":{"line":9,"column":541}},"loc":{"start":{"line":9,"column":564},"end":{"line":9,"column":1011}},"line":9},"7":{"name":"(anonymous_7)","decl":{"start":{"line":14,"column":0},"end":{"line":14,"column":1}},"loc":{"start":{"line":14,"column":28},"end":{"line":14,"column":76}},"line":14},"8":{"name":"(anonymous_8)","decl":{"start":{"line":21,"column":41},"end":{"line":21,"column":42}},"loc":{"start":{"line":21,"column":63},"end":{"line":39,"column":35}},"line":21},"9":{"name":"LanguageProvider","decl":{"start":{"line":21,"column":113},"end":{"line":21,"column":129}},"loc":{"start":{"line":21,"column":132},"end":{"line":21,"column":310}},"line":21},"10":{"name":"render","decl":{"start":{"line":21,"column":375},"end":{"line":21,"column":381}},"loc":{"start":{"line":28,"column":4},"end":{"line":39,"column":5}},"line":28}},"branchMap":{"0":{"loc":{"start":{"line":1,"column":239},"end":{"line":1,"column":269}},"type":"binary-expr","locations":[{"start":{"line":1,"column":239},"end":{"line":1,"column":260}},{"start":{"line":1,"column":264},"end":{"line":1,"column":269}}],"line":1},"1":{"loc":{"start":{"line":1,"column":301},"end":{"line":1,"column":355}},"type":"if","locations":[{"start":{"line":1,"column":301},"end":{"line":1,"column":355}},{"start":{"line":1,"column":301},"end":{"line":1,"column":355}}],"line":1},"2":{"loc":{"start":{"line":1,"column":471},"end":{"line":1,"column":539}},"type":"if","locations":[{"start":{"line":1,"column":471},"end":{"line":1,"column":539}},{"start":{"line":1,"column":471},"end":{"line":1,"column":539}}],"line":1},"3":{"loc":{"start":{"line":1,"column":539},"end":{"line":1,"column":599}},"type":"if","locations":[{"start":{"line":1,"column":539},"end":{"line":1,"column":599}},{"start":{"line":1,"column":539},"end":{"line":1,"column":599}}],"line":1},"4":{"loc":{"start":{"line":9,"column":91},"end":{"line":9,"column":137}},"type":"cond-expr","locations":[{"start":{"line":9,"column":115},"end":{"line":9,"column":118}},{"start":{"line":9,"column":121},"end":{"line":9,"column":137}}],"line":9},"5":{"loc":{"start":{"line":9,"column":91},"end":{"line":9,"column":112}},"type":"binary-expr","locations":[{"start":{"line":9,"column":91},"end":{"line":9,"column":94}},{"start":{"line":9,"column":98},"end":{"line":9,"column":112}}],"line":9},"6":{"loc":{"start":{"line":9,"column":188},"end":{"line":9,"column":287}},"type":"if","locations":[{"start":{"line":9,"column":188},"end":{"line":9,"column":287}},{"start":{"line":9,"column":188},"end":{"line":9,"column":287}}],"line":9},"7":{"loc":{"start":{"line":9,"column":337},"end":{"line":9,"column":436}},"type":"if","locations":[{"start":{"line":9,"column":337},"end":{"line":9,"column":436}},{"start":{"line":9,"column":337},"end":{"line":9,"column":436}}],"line":9},"8":{"loc":{"start":{"line":9,"column":443},"end":{"line":9,"column":521}},"type":"cond-expr","locations":[{"start":{"line":9,"column":510},"end":{"line":9,"column":514}},{"start":{"line":9,"column":517},"end":{"line":9,"column":521}}],"line":9},"9":{"loc":{"start":{"line":9,"column":443},"end":{"line":9,"column":507}},"type":"binary-expr","locations":[{"start":{"line":9,"column":443},"end":{"line":9,"column":447}},{"start":{"line":9,"column":452},"end":{"line":9,"column":476}},{"start":{"line":9,"column":480},"end":{"line":9,"column":506}}],"line":9},"10":{"loc":{"start":{"line":9,"column":565},"end":{"line":9,"column":728}},"type":"if","locations":[{"start":{"line":9,"column":565},"end":{"line":9,"column":728}},{"start":{"line":9,"column":565},"end":{"line":9,"column":728}}],"line":9},"11":{"loc":{"start":{"line":9,"column":569},"end":{"line":9,"column":624}},"type":"binary-expr","locations":[{"start":{"line":9,"column":569},"end":{"line":9,"column":601}},{"start":{"line":9,"column":605},"end":{"line":9,"column":624}}],"line":9},"12":{"loc":{"start":{"line":9,"column":763},"end":{"line":9,"column":797}},"type":"binary-expr","locations":[{"start":{"line":9,"column":763},"end":{"line":9,"column":773}},{"start":{"line":9,"column":777},"end":{"line":9,"column":797}}],"line":9},"13":{"loc":{"start":{"line":9,"column":892},"end":{"line":9,"column":1010}},"type":"if","locations":[{"start":{"line":9,"column":892},"end":{"line":9,"column":1010}},{"start":{"line":9,"column":892},"end":{"line":9,"column":1010}}],"line":9},"14":{"loc":{"start":{"line":9,"column":908},"end":{"line":9,"column":1009}},"type":"cond-expr","locations":[{"start":{"line":9,"column":932},"end":{"line":9,"column":975}},{"start":{"line":9,"column":978},"end":{"line":9,"column":1009}}],"line":9},"15":{"loc":{"start":{"line":21,"column":214},"end":{"line":21,"column":283}},"type":"binary-expr","locations":[{"start":{"line":21,"column":214},"end":{"line":21,"column":240}},{"start":{"line":21,"column":244},"end":{"line":21,"column":283}}],"line":21},"16":{"loc":{"start":{"line":34,"column":22},"end":{"line":34,"column":50}},"type":"binary-expr","locations":[{"start":{"line":34,"column":22},"end":{"line":34,"column":30}},{"start":{"line":34,"column":34},"end":{"line":34,"column":50}}],"line":34}},"s":{"0":0,"1":0,"2":0,"3":0,"4":0,"5":0,"6":0,"7":0,"8":0,"9":0,"10":0,"11":0,"12":0,"13":0,"14":0,"15":0,"16":0,"17":0,"18":0,"19":0,"20":0,"21":0,"22":0,"23":0,"24":0,"25":0,"26":0,"27":0,"28":0,"29":0,"30":0,"31":0,"32":0,"33":0,"34":0,"35":0,"36":0,"37":0,"38":0,"39":0,"40":0,"41":0,"42":0,"43":0,"44":0,"45":0,"46":0,"47":0,"48":0,"49":0,"50":0,"51":0,"52":0},"f":{"0":0,"1":0,"2":0,"3":0,"4":0,"5":0,"6":0,"7":0,"8":0,"9":0,"10":0},"b":{"0":[0,0],"1":[0,0],"2":[0,0],"3":[0,0],"4":[0,0],"5":[0,0],"6":[0,0],"7":[0,0],"8":[0,0],"9":[0,0,0],"10":[0,0],"11":[0,0],"12":[0,0],"13":[0,0],"14":[0,0],"15":[0,0],"16":[0,0]}}
,"/home/raymondsze/Documents/Workspace/react-rsa/packages/react-rsa/src/containers/LanguageProvider/reducers.js": {"path":"/home/raymondsze/Documents/Workspace/react-rsa/packages/react-rsa/src/containers/LanguageProvider/reducers.js","statementMap":{"0":{"start":{"line":1,"column":13},"end":{"line":1,"column":75}},"1":{"start":{"line":1,"column":92},"end":{"line":1,"column":112}},"2":{"start":{"line":2,"column":20},"end":{"line":2,"column":44}},"3":{"start":{"line":4,"column":17},"end":{"line":4,"column":39}},"4":{"start":{"line":4,"column":83},"end":{"line":4,"column":230}},"5":{"start":{"line":4,"column":100},"end":{"line":4,"column":204}},"6":{"start":{"line":4,"column":212},"end":{"line":4,"column":229}},"7":{"start":{"line":4,"column":230},"end":{"line":4,"column":241}},"8":{"start":{"line":9,"column":19},"end":{"line":12,"column":40}},"9":{"start":{"line":12,"column":41},"end":{"line":19,"column":18}},"10":{"start":{"line":17,"column":40},"end":{"line":17,"column":52}},"11":{"start":{"line":17,"column":53},"end":{"line":18,"column":43}}},"fnMap":{"0":{"name":"_defineProperty","decl":{"start":{"line":4,"column":49},"end":{"line":4,"column":64}},"loc":{"start":{"line":4,"column":82},"end":{"line":4,"column":242}},"line":4},"1":{"name":"(anonymous_1)","decl":{"start":{"line":17,"column":2},"end":{"line":17,"column":3}},"loc":{"start":{"line":17,"column":25},"end":{"line":18,"column":44}},"line":17}},"branchMap":{"0":{"loc":{"start":{"line":4,"column":83},"end":{"line":4,"column":230}},"type":"if","locations":[{"start":{"line":4,"column":83},"end":{"line":4,"column":230}},{"start":{"line":4,"column":83},"end":{"line":4,"column":230}}],"line":4},"1":{"loc":{"start":{"line":12,"column":12},"end":{"line":12,"column":37}},"type":"binary-expr","locations":[{"start":{"line":12,"column":12},"end":{"line":12,"column":31}},{"start":{"line":12,"column":35},"end":{"line":12,"column":37}}],"line":12}},"s":{"0":0,"1":0,"2":0,"3":0,"4":0,"5":0,"6":0,"7":0,"8":0,"9":0,"10":0,"11":0},"f":{"0":0,"1":0},"b":{"0":[0,0],"1":[0,0]}}
,"/home/raymondsze/Documents/Workspace/react-rsa/packages/react-rsa/src/containers/LanguageProvider/selectors.js": {"path":"/home/raymondsze/Documents/Workspace/react-rsa/packages/react-rsa/src/containers/LanguageProvider/selectors.js","statementMap":{"0":{"start":{"line":1,"column":13},"end":{"line":1,"column":75}},"1":{"start":{"line":1,"column":75},"end":{"line":1,"column":155}},"2":{"start":{"line":1,"column":171},"end":{"line":1,"column":190}},"3":{"start":{"line":3,"column":18},"end":{"line":3,"column":77}},"4":{"start":{"line":3,"column":47},"end":{"line":3,"column":76}},"5":{"start":{"line":5,"column":16},"end":{"line":7,"column":63}},"6":{"start":{"line":7,"column":26},"end":{"line":7,"column":61}},"7":{"start":{"line":10,"column":24},"end":{"line":12,"column":72}},"8":{"start":{"line":12,"column":26},"end":{"line":12,"column":70}},"9":{"start":{"line":12,"column":73},"end":{"line":16,"column":26}},"10":{"start":{"line":16,"column":26},"end":{"line":17,"column":22}},"11":{"start":{"line":17,"column":22},"end":{"line":18,"column":38}}},"fnMap":{"0":{"name":"getLanguage","decl":{"start":{"line":3,"column":27},"end":{"line":3,"column":38}},"loc":{"start":{"line":3,"column":46},"end":{"line":3,"column":77}},"line":3},"1":{"name":"(anonymous_1)","decl":{"start":{"line":7,"column":0},"end":{"line":7,"column":1}},"loc":{"start":{"line":7,"column":25},"end":{"line":7,"column":62}},"line":7},"2":{"name":"(anonymous_2)","decl":{"start":{"line":12,"column":0},"end":{"line":12,"column":1}},"loc":{"start":{"line":12,"column":25},"end":{"line":12,"column":71}},"line":12}},"branchMap":{},"s":{"0":0,"1":0,"2":0,"3":0,"4":0,"5":0,"6":0,"7":0,"8":0,"9":0,"10":0,"11":0},"f":{"0":0,"1":0,"2":0},"b":{}}
,"/home/raymondsze/Documents/Workspace/react-rsa/packages/react-rsa/src/containers/RSAProvider/index.jsx": {"path":"/home/raymondsze/Documents/Workspace/react-rsa/packages/react-rsa/src/containers/RSAProvider/index.jsx","statementMap":{"0":{"start":{"line":1,"column":13},"end":{"line":1,"column":75}},"1":{"start":{"line":1,"column":94},"end":{"line":1,"column":623}},"2":{"start":{"line":1,"column":149},"end":{"line":1,"column":414}},"3":{"start":{"line":1,"column":206},"end":{"line":1,"column":214}},"4":{"start":{"line":1,"column":215},"end":{"line":1,"column":270}},"5":{"start":{"line":1,"column":270},"end":{"line":1,"column":301}},"6":{"start":{"line":1,"column":301},"end":{"line":1,"column":355}},"7":{"start":{"line":1,"column":328},"end":{"line":1,"column":355}},"8":{"start":{"line":1,"column":355},"end":{"line":1,"column":413}},"9":{"start":{"line":1,"column":415},"end":{"line":1,"column":620}},"10":{"start":{"line":1,"column":471},"end":{"line":1,"column":539}},"11":{"start":{"line":1,"column":487},"end":{"line":1,"column":539}},"12":{"start":{"line":1,"column":539},"end":{"line":1,"column":599}},"13":{"start":{"line":1,"column":556},"end":{"line":1,"column":599}},"14":{"start":{"line":1,"column":599},"end":{"line":1,"column":618}},"15":{"start":{"line":1,"column":659},"end":{"line":1,"column":680}},"16":{"start":{"line":1,"column":699},"end":{"line":1,"column":733}},"17":{"start":{"line":2,"column":13},"end":{"line":2,"column":29}},"18":{"start":{"line":2,"column":44},"end":{"line":2,"column":74}},"19":{"start":{"line":3,"column":19},"end":{"line":3,"column":42}},"20":{"start":{"line":4,"column":20},"end":{"line":4,"column":44}},"21":{"start":{"line":4,"column":66},"end":{"line":4,"column":103}},"22":{"start":{"line":5,"column":15},"end":{"line":5,"column":33}},"23":{"start":{"line":7,"column":24},"end":{"line":7,"column":54}},"24":{"start":{"line":7,"column":80},"end":{"line":7,"column":121}},"25":{"start":{"line":8,"column":21},"end":{"line":8,"column":48}},"26":{"start":{"line":8,"column":71},"end":{"line":8,"column":109}},"27":{"start":{"line":10,"column":22},"end":{"line":10,"column":53}},"28":{"start":{"line":10,"column":77},"end":{"line":10,"column":116}},"29":{"start":{"line":10,"column":155},"end":{"line":10,"column":209}},"30":{"start":{"line":10,"column":259},"end":{"line":10,"column":358}},"31":{"start":{"line":10,"column":300},"end":{"line":10,"column":357}},"32":{"start":{"line":10,"column":408},"end":{"line":10,"column":507}},"33":{"start":{"line":10,"column":420},"end":{"line":10,"column":506}},"34":{"start":{"line":10,"column":507},"end":{"line":10,"column":593}},"35":{"start":{"line":10,"column":636},"end":{"line":10,"column":799}},"36":{"start":{"line":10,"column":698},"end":{"line":10,"column":798}},"37":{"start":{"line":10,"column":799},"end":{"line":10,"column":963}},"38":{"start":{"line":10,"column":963},"end":{"line":10,"column":1081}},"39":{"start":{"line":10,"column":979},"end":{"line":10,"column":1081}},"40":{"start":{"line":12,"column":14},"end":{"line":12,"column":50}},"41":{"start":{"line":14,"column":15},"end":{"line":62,"column":1071}},"42":{"start":{"line":14,"column":55},"end":{"line":14,"column":90}},"43":{"start":{"line":14,"column":114},"end":{"line":14,"column":149}},"44":{"start":{"line":14,"column":149},"end":{"line":14,"column":275}},"45":{"start":{"line":14,"column":276},"end":{"line":62,"column":425}},"46":{"start":{"line":50,"column":19},"end":{"line":50,"column":30}},"47":{"start":{"line":51,"column":18},"end":{"line":51,"column":28}},"48":{"start":{"line":52,"column":17},"end":{"line":52,"column":36}},"49":{"start":{"line":53,"column":6},"end":{"line":57,"column":58}},"50":{"start":{"line":62,"column":60},"end":{"line":62,"column":77}},"51":{"start":{"line":62,"column":78},"end":{"line":62,"column":120}},"52":{"start":{"line":62,"column":175},"end":{"line":62,"column":186}},"53":{"start":{"line":62,"column":200},"end":{"line":62,"column":210}},"54":{"start":{"line":62,"column":219},"end":{"line":62,"column":231}},"55":{"start":{"line":62,"column":243},"end":{"line":62,"column":258}},"56":{"start":{"line":62,"column":271},"end":{"line":62,"column":287}},"57":{"start":{"line":62,"column":288},"end":{"line":62,"column":419}},"58":{"start":{"line":62,"column":425},"end":{"line":62,"column":444}},"59":{"start":{"line":62,"column":684},"end":{"line":62,"column":704}},"60":{"start":{"line":62,"column":1073},"end":{"line":65,"column":12}}},"fnMap":{"0":{"name":"(anonymous_0)","decl":{"start":{"line":1,"column":94},"end":{"line":1,"column":95}},"loc":{"start":{"line":1,"column":106},"end":{"line":1,"column":621}},"line":1},"1":{"name":"defineProperties","decl":{"start":{"line":1,"column":116},"end":{"line":1,"column":132}},"loc":{"start":{"line":1,"column":148},"end":{"line":1,"column":415}},"line":1},"2":{"name":"(anonymous_2)","decl":{"start":{"line":1,"column":422},"end":{"line":1,"column":423}},"loc":{"start":{"line":1,"column":470},"end":{"line":1,"column":619}},"line":1},"3":{"name":"_interopRequireDefault","decl":{"start":{"line":10,"column":126},"end":{"line":10,"column":148}},"loc":{"start":{"line":10,"column":154},"end":{"line":10,"column":210}},"line":10},"4":{"name":"_classCallCheck","decl":{"start":{"line":10,"column":219},"end":{"line":10,"column":234}},"loc":{"start":{"line":10,"column":258},"end":{"line":10,"column":359}},"line":10},"5":{"name":"_possibleConstructorReturn","decl":{"start":{"line":10,"column":368},"end":{"line":10,"column":394}},"loc":{"start":{"line":10,"column":407},"end":{"line":10,"column":594}},"line":10},"6":{"name":"_inherits","decl":{"start":{"line":10,"column":603},"end":{"line":10,"column":612}},"loc":{"start":{"line":10,"column":635},"end":{"line":10,"column":1082}},"line":10},"7":{"name":"(anonymous_7)","decl":{"start":{"line":14,"column":32},"end":{"line":14,"column":33}},"loc":{"start":{"line":14,"column":54},"end":{"line":62,"column":445}},"line":14},"8":{"name":"RSAProvider","decl":{"start":{"line":14,"column":99},"end":{"line":14,"column":110}},"loc":{"start":{"line":14,"column":113},"end":{"line":14,"column":276}},"line":14},"9":{"name":"render","decl":{"start":{"line":14,"column":336},"end":{"line":14,"column":342}},"loc":{"start":{"line":49,"column":4},"end":{"line":62,"column":5}},"line":49},"10":{"name":"get","decl":{"start":{"line":62,"column":40},"end":{"line":62,"column":43}},"loc":{"start":{"line":62,"column":46},"end":{"line":62,"column":121}},"line":62},"11":{"name":"get","decl":{"start":{"line":62,"column":155},"end":{"line":62,"column":158}},"loc":{"start":{"line":62,"column":161},"end":{"line":62,"column":420}},"line":62},"12":{"name":"reduxRootSelector","decl":{"start":{"line":62,"column":658},"end":{"line":62,"column":675}},"loc":{"start":{"line":62,"column":683},"end":{"line":62,"column":705}},"line":62}},"branchMap":{"0":{"loc":{"start":{"line":1,"column":239},"end":{"line":1,"column":269}},"type":"binary-expr","locations":[{"start":{"line":1,"column":239},"end":{"line":1,"column":260}},{"start":{"line":1,"column":264},"end":{"line":1,"column":269}}],"line":1},"1":{"loc":{"start":{"line":1,"column":301},"end":{"line":1,"column":355}},"type":"if","locations":[{"start":{"line":1,"column":301},"end":{"line":1,"column":355}},{"start":{"line":1,"column":301},"end":{"line":1,"column":355}}],"line":1},"2":{"loc":{"start":{"line":1,"column":471},"end":{"line":1,"column":539}},"type":"if","locations":[{"start":{"line":1,"column":471},"end":{"line":1,"column":539}},{"start":{"line":1,"column":471},"end":{"line":1,"column":539}}],"line":1},"3":{"loc":{"start":{"line":1,"column":539},"end":{"line":1,"column":599}},"type":"if","locations":[{"start":{"line":1,"column":539},"end":{"line":1,"column":599}},{"start":{"line":1,"column":539},"end":{"line":1,"column":599}}],"line":1},"4":{"loc":{"start":{"line":10,"column":162},"end":{"line":10,"column":208}},"type":"cond-expr","locations":[{"start":{"line":10,"column":186},"end":{"line":10,"column":189}},{"start":{"line":10,"column":192},"end":{"line":10,"column":208}}],"line":10},"5":{"loc":{"start":{"line":10,"column":162},"end":{"line":10,"column":183}},"type":"binary-expr","locations":[{"start":{"line":10,"column":162},"end":{"line":10,"column":165}},{"start":{"line":10,"column":169},"end":{"line":10,"column":183}}],"line":10},"6":{"loc":{"start":{"line":10,"column":259},"end":{"line":10,"column":358}},"type":"if","locations":[{"start":{"line":10,"column":259},"end":{"line":10,"column":358}},{"start":{"line":10,"column":259},"end":{"line":10,"column":358}}],"line":10},"7":{"loc":{"start":{"line":10,"column":408},"end":{"line":10,"column":507}},"type":"if","locations":[{"start":{"line":10,"column":408},"end":{"line":10,"column":507}},{"start":{"line":10,"column":408},"end":{"line":10,"column":507}}],"line":10},"8":{"loc":{"start":{"line":10,"column":514},"end":{"line":10,"column":592}},"type":"cond-expr","locations":[{"start":{"line":10,"column":581},"end":{"line":10,"column":585}},{"start":{"line":10,"column":588},"end":{"line":10,"column":592}}],"line":10},"9":{"loc":{"start":{"line":10,"column":514},"end":{"line":10,"column":578}},"type":"binary-expr","locations":[{"start":{"line":10,"column":514},"end":{"line":10,"column":518}},{"start":{"line":10,"column":523},"end":{"line":10,"column":547}},{"start":{"line":10,"column":551},"end":{"line":10,"column":577}}],"line":10},"10":{"loc":{"start":{"line":10,"column":636},"end":{"line":10,"column":799}},"type":"if","locations":[{"start":{"line":10,"column":636},"end":{"line":10,"column":799}},{"start":{"line":10,"column":636},"end":{"line":10,"column":799}}],"line":10},"11":{"loc":{"start":{"line":10,"column":640},"end":{"line":10,"column":695}},"type":"binary-expr","locations":[{"start":{"line":10,"column":640},"end":{"line":10,"column":672}},{"start":{"line":10,"column":676},"end":{"line":10,"column":695}}],"line":10},"12":{"loc":{"start":{"line":10,"column":834},"end":{"line":10,"column":868}},"type":"binary-expr","locations":[{"start":{"line":10,"column":834},"end":{"line":10,"column":844}},{"start":{"line":10,"column":848},"end":{"line":10,"column":868}}],"line":10},"13":{"loc":{"start":{"line":10,"column":963},"end":{"line":10,"column":1081}},"type":"if","locations":[{"start":{"line":10,"column":963},"end":{"line":10,"column":1081}},{"start":{"line":10,"column":963},"end":{"line":10,"column":1081}}],"line":10},"14":{"loc":{"start":{"line":10,"column":979},"end":{"line":10,"column":1080}},"type":"cond-expr","locations":[{"start":{"line":10,"column":1003},"end":{"line":10,"column":1046}},{"start":{"line":10,"column":1049},"end":{"line":10,"column":1080}}],"line":10},"15":{"loc":{"start":{"line":14,"column":190},"end":{"line":14,"column":249}},"type":"binary-expr","locations":[{"start":{"line":14,"column":190},"end":{"line":14,"column":211}},{"start":{"line":14,"column":215},"end":{"line":14,"column":249}}],"line":14}},"s":{"0":0,"1":0,"2":0,"3":0,"4":0,"5":0,"6":0,"7":0,"8":0,"9":0,"10":0,"11":0,"12":0,"13":0,"14":0,"15":0,"16":0,"17":0,"18":0,"19":0,"20":0,"21":0,"22":0,"23":0,"24":0,"25":0,"26":0,"27":0,"28":0,"29":0,"30":0,"31":0,"32":0,"33":0,"34":0,"35":0,"36":0,"37":0,"38":0,"39":0,"40":0,"41":0,"42":0,"43":0,"44":0,"45":0,"46":0,"47":0,"48":0,"49":0,"50":0,"51":0,"52":0,"53":0,"54":0,"55":0,"56":0,"57":0,"58":0,"59":0,"60":0},"f":{"0":0,"1":0,"2":0,"3":0,"4":0,"5":0,"6":0,"7":0,"8":0,"9":0,"10":0,"11":0,"12":0},"b":{"0":[0,0],"1":[0,0],"2":[0,0],"3":[0,0],"4":[0,0],"5":[0,0],"6":[0,0],"7":[0,0],"8":[0,0],"9":[0,0,0],"10":[0,0],"11":[0,0],"12":[0,0],"13":[0,0],"14":[0,0],"15":[0,0]}}
,"/home/raymondsze/Documents/Workspace/react-rsa/packages/react-rsa/src/containers/RouteProvider/index.jsx": {"path":"/home/raymondsze/Documents/Workspace/react-rsa/packages/react-rsa/src/containers/RouteProvider/index.jsx","statementMap":{"0":{"start":{"line":1,"column":13},"end":{"line":1,"column":75}},"1":{"start":{"line":1,"column":94},"end":{"line":1,"column":623}},"2":{"start":{"line":1,"column":149},"end":{"line":1,"column":414}},"3":{"start":{"line":1,"column":206},"end":{"line":1,"column":214}},"4":{"start":{"line":1,"column":215},"end":{"line":1,"column":270}},"5":{"start":{"line":1,"column":270},"end":{"line":1,"column":301}},"6":{"start":{"line":1,"column":301},"end":{"line":1,"column":355}},"7":{"start":{"line":1,"column":328},"end":{"line":1,"column":355}},"8":{"start":{"line":1,"column":355},"end":{"line":1,"column":413}},"9":{"start":{"line":1,"column":415},"end":{"line":1,"column":620}},"10":{"start":{"line":1,"column":471},"end":{"line":1,"column":539}},"11":{"start":{"line":1,"column":487},"end":{"line":1,"column":539}},"12":{"start":{"line":1,"column":539},"end":{"line":1,"column":599}},"13":{"start":{"line":1,"column":556},"end":{"line":1,"column":599}},"14":{"start":{"line":1,"column":599},"end":{"line":1,"column":618}},"15":{"start":{"line":1,"column":659},"end":{"line":1,"column":680}},"16":{"start":{"line":1,"column":699},"end":{"line":1,"column":733}},"17":{"start":{"line":2,"column":13},"end":{"line":2,"column":29}},"18":{"start":{"line":2,"column":44},"end":{"line":2,"column":74}},"19":{"start":{"line":3,"column":24},"end":{"line":3,"column":53}},"20":{"start":{"line":5,"column":17},"end":{"line":5,"column":54}},"21":{"start":{"line":5,"column":73},"end":{"line":5,"column":107}},"22":{"start":{"line":5,"column":146},"end":{"line":5,"column":200}},"23":{"start":{"line":5,"column":250},"end":{"line":5,"column":349}},"24":{"start":{"line":5,"column":291},"end":{"line":5,"column":348}},"25":{"start":{"line":5,"column":399},"end":{"line":5,"column":498}},"26":{"start":{"line":5,"column":411},"end":{"line":5,"column":497}},"27":{"start":{"line":5,"column":498},"end":{"line":5,"column":584}},"28":{"start":{"line":5,"column":627},"end":{"line":5,"column":790}},"29":{"start":{"line":5,"column":689},"end":{"line":5,"column":789}},"30":{"start":{"line":5,"column":790},"end":{"line":5,"column":954}},"31":{"start":{"line":5,"column":954},"end":{"line":5,"column":1072}},"32":{"start":{"line":5,"column":970},"end":{"line":5,"column":1072}},"33":{"start":{"line":8,"column":21},"end":{"line":23,"column":181}},"34":{"start":{"line":8,"column":61},"end":{"line":8,"column":98}},"35":{"start":{"line":8,"column":124},"end":{"line":8,"column":161}},"36":{"start":{"line":8,"column":161},"end":{"line":8,"column":291}},"37":{"start":{"line":8,"column":292},"end":{"line":23,"column":10}},"38":{"start":{"line":15,"column":6},"end":{"line":15,"column":16}},"39":{"start":{"line":15,"column":27},"end":{"line":15,"column":41}},"40":{"start":{"line":15,"column":53},"end":{"line":15,"column":68}},"41":{"start":{"line":16,"column":6},"end":{"line":19,"column":55}},"42":{"start":{"line":23,"column":10},"end":{"line":23,"column":31}},"43":{"start":{"line":23,"column":183},"end":{"line":26,"column":14}}},"fnMap":{"0":{"name":"(anonymous_0)","decl":{"start":{"line":1,"column":94},"end":{"line":1,"column":95}},"loc":{"start":{"line":1,"column":106},"end":{"line":1,"column":621}},"line":1},"1":{"name":"defineProperties","decl":{"start":{"line":1,"column":116},"end":{"line":1,"column":132}},"loc":{"start":{"line":1,"column":148},"end":{"line":1,"column":415}},"line":1},"2":{"name":"(anonymous_2)","decl":{"start":{"line":1,"column":422},"end":{"line":1,"column":423}},"loc":{"start":{"line":1,"column":470},"end":{"line":1,"column":619}},"line":1},"3":{"name":"_interopRequireDefault","decl":{"start":{"line":5,"column":117},"end":{"line":5,"column":139}},"loc":{"start":{"line":5,"column":145},"end":{"line":5,"column":201}},"line":5},"4":{"name":"_classCallCheck","decl":{"start":{"line":5,"column":210},"end":{"line":5,"column":225}},"loc":{"start":{"line":5,"column":249},"end":{"line":5,"column":350}},"line":5},"5":{"name":"_possibleConstructorReturn","decl":{"start":{"line":5,"column":359},"end":{"line":5,"column":385}},"loc":{"start":{"line":5,"column":398},"end":{"line":5,"column":585}},"line":5},"6":{"name":"_inherits","decl":{"start":{"line":5,"column":594},"end":{"line":5,"column":603}},"loc":{"start":{"line":5,"column":626},"end":{"line":5,"column":1073}},"line":5},"7":{"name":"(anonymous_7)","decl":{"start":{"line":8,"column":38},"end":{"line":8,"column":39}},"loc":{"start":{"line":8,"column":60},"end":{"line":23,"column":32}},"line":8},"8":{"name":"RouteProvider","decl":{"start":{"line":8,"column":107},"end":{"line":8,"column":120}},"loc":{"start":{"line":8,"column":123},"end":{"line":8,"column":292}},"line":8},"9":{"name":"render","decl":{"start":{"line":8,"column":354},"end":{"line":8,"column":360}},"loc":{"start":{"line":14,"column":4},"end":{"line":23,"column":5}},"line":14}},"branchMap":{"0":{"loc":{"start":{"line":1,"column":239},"end":{"line":1,"column":269}},"type":"binary-expr","locations":[{"start":{"line":1,"column":239},"end":{"line":1,"column":260}},{"start":{"line":1,"column":264},"end":{"line":1,"column":269}}],"line":1},"1":{"loc":{"start":{"line":1,"column":301},"end":{"line":1,"column":355}},"type":"if","locations":[{"start":{"line":1,"column":301},"end":{"line":1,"column":355}},{"start":{"line":1,"column":301},"end":{"line":1,"column":355}}],"line":1},"2":{"loc":{"start":{"line":1,"column":471},"end":{"line":1,"column":539}},"type":"if","locations":[{"start":{"line":1,"column":471},"end":{"line":1,"column":539}},{"start":{"line":1,"column":471},"end":{"line":1,"column":539}}],"line":1},"3":{"loc":{"start":{"line":1,"column":539},"end":{"line":1,"column":599}},"type":"if","locations":[{"start":{"line":1,"column":539},"end":{"line":1,"column":599}},{"start":{"line":1,"column":539},"end":{"line":1,"column":599}}],"line":1},"4":{"loc":{"start":{"line":5,"column":153},"end":{"line":5,"column":199}},"type":"cond-expr","locations":[{"start":{"line":5,"column":177},"end":{"line":5,"column":180}},{"start":{"line":5,"column":183},"end":{"line":5,"column":199}}],"line":5},"5":{"loc":{"start":{"line":5,"column":153},"end":{"line":5,"column":174}},"type":"binary-expr","locations":[{"start":{"line":5,"column":153},"end":{"line":5,"column":156}},{"start":{"line":5,"column":160},"end":{"line":5,"column":174}}],"line":5},"6":{"loc":{"start":{"line":5,"column":250},"end":{"line":5,"column":349}},"type":"if","locations":[{"start":{"line":5,"column":250},"end":{"line":5,"column":349}},{"start":{"line":5,"column":250},"end":{"line":5,"column":349}}],"line":5},"7":{"loc":{"start":{"line":5,"column":399},"end":{"line":5,"column":498}},"type":"if","locations":[{"start":{"line":5,"column":399},"end":{"line":5,"column":498}},{"start":{"line":5,"column":399},"end":{"line":5,"column":498}}],"line":5},"8":{"loc":{"start":{"line":5,"column":505},"end":{"line":5,"column":583}},"type":"cond-expr","locations":[{"start":{"line":5,"column":572},"end":{"line":5,"column":576}},{"start":{"line":5,"column":579},"end":{"line":5,"column":583}}],"line":5},"9":{"loc":{"start":{"line":5,"column":505},"end":{"line":5,"column":569}},"type":"binary-expr","locations":[{"start":{"line":5,"column":505},"end":{"line":5,"column":509}},{"start":{"line":5,"column":514},"end":{"line":5,"column":538}},{"start":{"line":5,"column":542},"end":{"line":5,"column":568}}],"line":5},"10":{"loc":{"start":{"line":5,"column":627},"end":{"line":5,"column":790}},"type":"if","locations":[{"start":{"line":5,"column":627},"end":{"line":5,"column":790}},{"start":{"line":5,"column":627},"end":{"line":5,"column":790}}],"line":5},"11":{"loc":{"start":{"line":5,"column":631},"end":{"line":5,"column":686}},"type":"binary-expr","locations":[{"start":{"line":5,"column":631},"end":{"line":5,"column":663}},{"start":{"line":5,"column":667},"end":{"line":5,"column":686}}],"line":5},"12":{"loc":{"start":{"line":5,"column":825},"end":{"line":5,"column":859}},"type":"binary-expr","locations":[{"start":{"line":5,"column":825},"end":{"line":5,"column":835}},{"start":{"line":5,"column":839},"end":{"line":5,"column":859}}],"line":5},"13":{"loc":{"start":{"line":5,"column":954},"end":{"line":5,"column":1072}},"type":"if","locations":[{"start":{"line":5,"column":954},"end":{"line":5,"column":1072}},{"start":{"line":5,"column":954},"end":{"line":5,"column":1072}}],"line":5},"14":{"loc":{"start":{"line":5,"column":970},"end":{"line":5,"column":1071}},"type":"cond-expr","locations":[{"start":{"line":5,"column":994},"end":{"line":5,"column":1037}},{"start":{"line":5,"column":1040},"end":{"line":5,"column":1071}}],"line":5},"15":{"loc":{"start":{"line":8,"column":202},"end":{"line":8,"column":265}},"type":"binary-expr","locations":[{"start":{"line":8,"column":202},"end":{"line":8,"column":225}},{"start":{"line":8,"column":229},"end":{"line":8,"column":265}}],"line":8}},"s":{"0":0,"1":0,"2":0,"3":0,"4":0,"5":0,"6":0,"7":0,"8":0,"9":0,"10":0,"11":0,"12":0,"13":0,"14":0,"15":0,"16":0,"17":0,"18":0,"19":0,"20":0,"21":0,"22":0,"23":0,"24":0,"25":0,"26":0,"27":0,"28":0,"29":0,"30":0,"31":0,"32":0,"33":0,"34":0,"35":0,"36":0,"37":0,"38":0,"39":0,"40":0,"41":0,"42":0,"43":0},"f":{"0":0,"1":0,"2":0,"3":0,"4":0,"5":0,"6":0,"7":0,"8":0,"9":0},"b":{"0":[0,0],"1":[0,0],"2":[0,0],"3":[0,0],"4":[0,0],"5":[0,0],"6":[0,0],"7":[0,0],"8":[0,0],"9":[0,0,0],"10":[0,0],"11":[0,0],"12":[0,0],"13":[0,0],"14":[0,0],"15":[0,0]}}
,"/home/raymondsze/Documents/Workspace/react-rsa/packages/react-rsa/src/containers/Router/index.jsx": {"path":"/home/raymondsze/Documents/Workspace/react-rsa/packages/react-rsa/src/containers/Router/index.jsx","statementMap":{"0":{"start":{"line":1,"column":13},"end":{"line":1,"column":75}},"1":{"start":{"line":1,"column":90},"end":{"line":1,"column":321}},"2":{"start":{"line":1,"column":126},"end":{"line":1,"column":306}},"3":{"start":{"line":1,"column":183},"end":{"line":1,"column":195}},"4":{"start":{"line":1,"column":196},"end":{"line":1,"column":305}},"5":{"start":{"line":1,"column":221},"end":{"line":1,"column":304}},"6":{"start":{"line":1,"column":277},"end":{"line":1,"column":303}},"7":{"start":{"line":1,"column":306},"end":{"line":1,"column":320}},"8":{"start":{"line":1,"column":341},"end":{"line":1,"column":870}},"9":{"start":{"line":1,"column":396},"end":{"line":1,"column":661}},"10":{"start":{"line":1,"column":453},"end":{"line":1,"column":461}},"11":{"start":{"line":1,"column":462},"end":{"line":1,"column":517}},"12":{"start":{"line":1,"column":517},"end":{"line":1,"column":548}},"13":{"start":{"line":1,"column":548},"end":{"line":1,"column":602}},"14":{"start":{"line":1,"column":575},"end":{"line":1,"column":602}},"15":{"start":{"line":1,"column":602},"end":{"line":1,"column":660}},"16":{"start":{"line":1,"column":662},"end":{"line":1,"column":867}},"17":{"start":{"line":1,"column":718},"end":{"line":1,"column":786}},"18":{"start":{"line":1,"column":734},"end":{"line":1,"column":786}},"19":{"start":{"line":1,"column":786},"end":{"line":1,"column":846}},"20":{"start":{"line":1,"column":803},"end":{"line":1,"column":846}},"21":{"start":{"line":1,"column":846},"end":{"line":1,"column":865}},"22":{"start":{"line":1,"column":906},"end":{"line":1,"column":927}},"23":{"start":{"line":1,"column":946},"end":{"line":1,"column":980}},"24":{"start":{"line":2,"column":13},"end":{"line":2,"column":29}},"25":{"start":{"line":2,"column":44},"end":{"line":2,"column":74}},"26":{"start":{"line":3,"column":18},"end":{"line":3,"column":40}},"27":{"start":{"line":4,"column":22},"end":{"line":4,"column":49}},"28":{"start":{"line":5,"column":16},"end":{"line":5,"column":35}},"29":{"start":{"line":6,"column":17},"end":{"line":6,"column":39}},"30":{"start":{"line":6,"column":78},"end":{"line":6,"column":132}},"31":{"start":{"line":6,"column":182},"end":{"line":6,"column":281}},"32":{"start":{"line":6,"column":223},"end":{"line":6,"column":280}},"33":{"start":{"line":6,"column":331},"end":{"line":6,"column":430}},"34":{"start":{"line":6,"column":343},"end":{"line":6,"column":429}},"35":{"start":{"line":6,"column":430},"end":{"line":6,"column":516}},"36":{"start":{"line":6,"column":559},"end":{"line":6,"column":722}},"37":{"start":{"line":6,"column":621},"end":{"line":6,"column":721}},"38":{"start":{"line":6,"column":722},"end":{"line":6,"column":886}},"39":{"start":{"line":6,"column":886},"end":{"line":6,"column":1004}},"40":{"start":{"line":6,"column":902},"end":{"line":6,"column":1004}},"41":{"start":{"line":12,"column":22},"end":{"line":14,"column":60}},"42":{"start":{"line":14,"column":21},"end":{"line":14,"column":58}},"43":{"start":{"line":16,"column":10},"end":{"line":40,"column":194}},"44":{"start":{"line":16,"column":54},"end":{"line":16,"column":88}},"45":{"start":{"line":16,"column":107},"end":{"line":16,"column":137}},"46":{"start":{"line":16,"column":137},"end":{"line":16,"column":253}},"47":{"start":{"line":16,"column":254},"end":{"line":40,"column":10}},"48":{"start":{"line":26,"column":6},"end":{"line":31,"column":50}},"49":{"start":{"line":38,"column":17},"end":{"line":38,"column":36}},"50":{"start":{"line":39,"column":6},"end":{"line":39,"column":53}},"51":{"start":{"line":40,"column":10},"end":{"line":40,"column":24}},"52":{"start":{"line":40,"column":196},"end":{"line":43,"column":50}}},"fnMap":{"0":{"name":"(anonymous_0)","decl":{"start":{"line":1,"column":107},"end":{"line":1,"column":108}},"loc":{"start":{"line":1,"column":125},"end":{"line":1,"column":321}},"line":1},"1":{"name":"(anonymous_1)","decl":{"start":{"line":1,"column":341},"end":{"line":1,"column":342}},"loc":{"start":{"line":1,"column":353},"end":{"line":1,"column":868}},"line":1},"2":{"name":"defineProperties","decl":{"start":{"line":1,"column":363},"end":{"line":1,"column":379}},"loc":{"start":{"line":1,"column":395},"end":{"line":1,"column":662}},"line":1},"3":{"name":"(anonymous_3)","decl":{"start":{"line":1,"column":669},"end":{"line":1,"column":670}},"loc":{"start":{"line":1,"column":717},"end":{"line":1,"column":866}},"line":1},"4":{"name":"_interopRequireDefault","decl":{"start":{"line":6,"column":49},"end":{"line":6,"column":71}},"loc":{"start":{"line":6,"column":77},"end":{"line":6,"column":133}},"line":6},"5":{"name":"_classCallCheck","decl":{"start":{"line":6,"column":142},"end":{"line":6,"column":157}},"loc":{"start":{"line":6,"column":181},"end":{"line":6,"column":282}},"line":6},"6":{"name":"_possibleConstructorReturn","decl":{"start":{"line":6,"column":291},"end":{"line":6,"column":317}},"loc":{"start":{"line":6,"column":330},"end":{"line":6,"column":517}},"line":6},"7":{"name":"_inherits","decl":{"start":{"line":6,"column":526},"end":{"line":6,"column":535}},"loc":{"start":{"line":6,"column":558},"end":{"line":6,"column":1005}},"line":6},"8":{"name":"(anonymous_8)","decl":{"start":{"line":14,"column":0},"end":{"line":14,"column":1}},"loc":{"start":{"line":14,"column":20},"end":{"line":14,"column":59}},"line":14},"9":{"name":"(anonymous_9)","decl":{"start":{"line":16,"column":27},"end":{"line":16,"column":28}},"loc":{"start":{"line":16,"column":53},"end":{"line":40,"column":25}},"line":16},"10":{"name":"Router","decl":{"start":{"line":16,"column":97},"end":{"line":16,"column":103}},"loc":{"start":{"line":16,"column":106},"end":{"line":16,"column":254}},"line":16},"11":{"name":"getChildContext","decl":{"start":{"line":16,"column":318},"end":{"line":16,"column":333}},"loc":{"start":{"line":25,"column":4},"end":{"line":35,"column":5}},"line":25},"12":{"name":"render","decl":{"start":{"line":35,"column":42},"end":{"line":35,"column":48}},"loc":{"start":{"line":37,"column":4},"end":{"line":40,"column":5}},"line":37}},"branchMap":{"0":{"loc":{"start":{"line":1,"column":90},"end":{"line":1,"column":321}},"type":"binary-expr","locations":[{"start":{"line":1,"column":90},"end":{"line":1,"column":103}},{"start":{"line":1,"column":107},"end":{"line":1,"column":321}}],"line":1},"1":{"loc":{"start":{"line":1,"column":221},"end":{"line":1,"column":304}},"type":"if","locations":[{"start":{"line":1,"column":221},"end":{"line":1,"column":304}},{"start":{"line":1,"column":221},"end":{"line":1,"column":304}}],"line":1},"2":{"loc":{"start":{"line":1,"column":486},"end":{"line":1,"column":516}},"type":"binary-expr","locations":[{"start":{"line":1,"column":486},"end":{"line":1,"column":507}},{"start":{"line":1,"column":511},"end":{"line":1,"column":516}}],"line":1},"3":{"loc":{"start":{"line":1,"column":548},"end":{"line":1,"column":602}},"type":"if","locations":[{"start":{"line":1,"column":548},"end":{"line":1,"column":602}},{"start":{"line":1,"column":548},"end":{"line":1,"column":602}}],"line":1},"4":{"loc":{"start":{"line":1,"column":718},"end":{"line":1,"column":786}},"type":"if","locations":[{"start":{"line":1,"column":718},"end":{"line":1,"column":786}},{"start":{"line":1,"column":718},"end":{"line":1,"column":786}}],"line":1},"5":{"loc":{"start":{"line":1,"column":786},"end":{"line":1,"column":846}},"type":"if","locations":[{"start":{"line":1,"column":786},"end":{"line":1,"column":846}},{"start":{"line":1,"column":786},"end":{"line":1,"column":846}}],"line":1},"6":{"loc":{"start":{"line":6,"column":85},"end":{"line":6,"column":131}},"type":"cond-expr","locations":[{"start":{"line":6,"column":109},"end":{"line":6,"column":112}},{"start":{"line":6,"column":115},"end":{"line":6,"column":131}}],"line":6},"7":{"loc":{"start":{"line":6,"column":85},"end":{"line":6,"column":106}},"type":"binary-expr","locations":[{"start":{"line":6,"column":85},"end":{"line":6,"column":88}},{"start":{"line":6,"column":92},"end":{"line":6,"column":106}}],"line":6},"8":{"loc":{"start":{"line":6,"column":182},"end":{"line":6,"column":281}},"type":"if","locations":[{"start":{"line":6,"column":182},"end":{"line":6,"column":281}},{"start":{"line":6,"column":182},"end":{"line":6,"column":281}}],"line":6},"9":{"loc":{"start":{"line":6,"column":331},"end":{"line":6,"column":430}},"type":"if","locations":[{"start":{"line":6,"column":331},"end":{"line":6,"column":430}},{"start":{"line":6,"column":331},"end":{"line":6,"column":430}}],"line":6},"10":{"loc":{"start":{"line":6,"column":437},"end":{"line":6,"column":515}},"type":"cond-expr","locations":[{"start":{"line":6,"column":504},"end":{"line":6,"column":508}},{"start":{"line":6,"column":511},"end":{"line":6,"column":515}}],"line":6},"11":{"loc":{"start":{"line":6,"column":437},"end":{"line":6,"column":501}},"type":"binary-expr","locations":[{"start":{"line":6,"column":437},"end":{"line":6,"column":441}},{"start":{"line":6,"column":446},"end":{"line":6,"column":470}},{"start":{"line":6,"column":474},"end":{"line":6,"column":500}}],"line":6},"12":{"loc":{"start":{"line":6,"column":559},"end":{"line":6,"column":722}},"type":"if","locations":[{"start":{"line":6,"column":559},"end":{"line":6,"column":722}},{"start":{"line":6,"column":559},"end":{"line":6,"column":722}}],"line":6},"13":{"loc":{"start":{"line":6,"column":563},"end":{"line":6,"column":618}},"type":"binary-expr","locations":[{"start":{"line":6,"column":563},"end":{"line":6,"column":595}},{"start":{"line":6,"column":599},"end":{"line":6,"column":618}}],"line":6},"14":{"loc":{"start":{"line":6,"column":757},"end":{"line":6,"column":791}},"type":"binary-expr","locations":[{"start":{"line":6,"column":757},"end":{"line":6,"column":767}},{"start":{"line":6,"column":771},"end":{"line":6,"column":791}}],"line":6},"15":{"loc":{"start":{"line":6,"column":886},"end":{"line":6,"column":1004}},"type":"if","locations":[{"start":{"line":6,"column":886},"end":{"line":6,"column":1004}},{"start":{"line":6,"column":886},"end":{"line":6,"column":1004}}],"line":6},"16":{"loc":{"start":{"line":6,"column":902},"end":{"line":6,"column":1003}},"type":"cond-expr","locations":[{"start":{"line":6,"column":926},"end":{"line":6,"column":969}},{"start":{"line":6,"column":972},"end":{"line":6,"column":1003}}],"line":6},"17":{"loc":{"start":{"line":16,"column":178},"end":{"line":16,"column":227}},"type":"binary-expr","locations":[{"start":{"line":16,"column":178},"end":{"line":16,"column":194}},{"start":{"line":16,"column":198},"end":{"line":16,"column":227}}],"line":16}},"s":{"0":0,"1":0,"2":0,"3":0,"4":0,"5":0,"6":0,"7":0,"8":0,"9":0,"10":0,"11":0,"12":0,"13":0,"14":0,"15":0,"16":0,"17":0,"18":0,"19":0,"20":0,"21":0,"22":0,"23":0,"24":0,"25":0,"26":0,"27":0,"28":0,"29":0,"30":0,"31":0,"32":0,"33":0,"34":0,"35":0,"36":0,"37":0,"38":0,"39":0,"40":0,"41":0,"42":0,"43":0,"44":0,"45":0,"46":0,"47":0,"48":0,"49":0,"50":0,"51":0,"52":0},"f":{"0":0,"1":0,"2":0,"3":0,"4":0,"5":0,"6":0,"7":0,"8":0,"9":0,"10":0,"11":0,"12":0},"b":{"0":[0,0],"1":[0,0],"2":[0,0],"3":[0,0],"4":[0,0],"5":[0,0],"6":[0,0],"7":[0,0],"8":[0,0],"9":[0,0],"10":[0,0],"11":[0,0,0],"12":[0,0],"13":[0,0],"14":[0,0],"15":[0,0],"16":[0,0],"17":[0,0]}}
,"/home/raymondsze/Documents/Workspace/react-rsa/packages/react-rsa/src/containers/Router/selectors.js": {"path":"/home/raymondsze/Documents/Workspace/react-rsa/packages/react-rsa/src/containers/Router/selectors.js","statementMap":{"0":{"start":{"line":1,"column":13},"end":{"line":1,"column":75}},"1":{"start":{"line":1,"column":75},"end":{"line":1,"column":126}},"2":{"start":{"line":1,"column":142},"end":{"line":1,"column":161}},"3":{"start":{"line":3,"column":15},"end":{"line":3,"column":68}},"4":{"start":{"line":3,"column":41},"end":{"line":3,"column":67}},"5":{"start":{"line":5,"column":18},"end":{"line":7,"column":66}},"6":{"start":{"line":7,"column":18},"end":{"line":7,"column":64}},"7":{"start":{"line":7,"column":67},"end":{"line":11,"column":20}},"8":{"start":{"line":11,"column":20},"end":{"line":12,"column":26}}},"fnMap":{"0":{"name":"getRoute","decl":{"start":{"line":3,"column":24},"end":{"line":3,"column":32}},"loc":{"start":{"line":3,"column":40},"end":{"line":3,"column":68}},"line":3},"1":{"name":"(anonymous_1)","decl":{"start":{"line":7,"column":0},"end":{"line":7,"column":1}},"loc":{"start":{"line":7,"column":17},"end":{"line":7,"column":65}},"line":7}},"branchMap":{},"s":{"0":0,"1":0,"2":0,"3":0,"4":0,"5":0,"6":0,"7":0,"8":0},"f":{"0":0,"1":0},"b":{}}
,"/home/raymondsze/Documents/Workspace/react-rsa/packages/react-rsa/src/containers/ScrollTop/index.jsx": {"path":"/home/raymondsze/Documents/Workspace/react-rsa/packages/react-rsa/src/containers/ScrollTop/index.jsx","statementMap":{"0":{"start":{"line":12,"column":4},"end":{"line":15,"column":5}},"1":{"start":{"line":14,"column":6},"end":{"line":14,"column":28}},"2":{"start":{"line":19,"column":25},"end":{"line":19,"column":35}},"3":{"start":{"line":20,"column":4},"end":{"line":20,"column":41}}},"fnMap":{"0":{"name":"(anonymous_0)","decl":{"start":{"line":11,"column":2},"end":{"line":11,"column":3}},"loc":{"start":{"line":11,"column":32},"end":{"line":16,"column":3}},"line":11},"1":{"name":"(anonymous_1)","decl":{"start":{"line":18,"column":2},"end":{"line":18,"column":3}},"loc":{"start":{"line":18,"column":11},"end":{"line":21,"column":3}},"line":18}},"branchMap":{"0":{"loc":{"start":{"line":12,"column":4},"end":{"line":15,"column":5}},"type":"if","locations":[{"start":{"line":12,"column":4},"end":{"line":15,"column":5}},{"start":{"line":12,"column":4},"end":{"line":15,"column":5}}],"line":12}},"s":{"0":2,"1":1,"2":3,"3":3},"f":{"0":2,"1":3},"b":{"0":[1,1]},"_coverageSchema":"332fd63041d2c1bcb487cc26dd0d5f7d97098a6c","hash":"2302c7935e8bbe5c97429b77665368f923288c6b"}
,"/home/raymondsze/Documents/Workspace/react-rsa/packages/react-rsa/src/decorators/index.js": {"path":"/home/raymondsze/Documents/Workspace/react-rsa/packages/react-rsa/src/decorators/index.js","statementMap":{"0":{"start":{"line":1,"column":13},"end":{"line":1,"column":75}},"1":{"start":{"line":1,"column":75},"end":{"line":1,"column":153}},"2":{"start":{"line":1,"column":175},"end":{"line":1,"column":202}},"3":{"start":{"line":1,"column":226},"end":{"line":1,"column":265}},"4":{"start":{"line":2,"column":19},"end":{"line":2,"column":43}},"5":{"start":{"line":2,"column":64},"end":{"line":2,"column":100}},"6":{"start":{"line":3,"column":18},"end":{"line":3,"column":41}},"7":{"start":{"line":3,"column":61},"end":{"line":3,"column":96}},"8":{"start":{"line":3,"column":135},"end":{"line":3,"column":189}},"9":{"start":{"line":3,"column":190},"end":{"line":6,"column":42}},"10":{"start":{"line":6,"column":42},"end":{"line":7,"column":36}},"11":{"start":{"line":7,"column":36},"end":{"line":8,"column":34}}},"fnMap":{"0":{"name":"_interopRequireDefault","decl":{"start":{"line":3,"column":106},"end":{"line":3,"column":128}},"loc":{"start":{"line":3,"column":134},"end":{"line":3,"column":190}},"line":3}},"branchMap":{"0":{"loc":{"start":{"line":3,"column":142},"end":{"line":3,"column":188}},"type":"cond-expr","locations":[{"start":{"line":3,"column":166},"end":{"line":3,"column":169}},{"start":{"line":3,"column":172},"end":{"line":3,"column":188}}],"line":3},"1":{"loc":{"start":{"line":3,"column":142},"end":{"line":3,"column":163}},"type":"binary-expr","locations":[{"start":{"line":3,"column":142},"end":{"line":3,"column":145}},{"start":{"line":3,"column":149},"end":{"line":3,"column":163}}],"line":3}},"s":{"0":0,"1":0,"2":0,"3":0,"4":0,"5":0,"6":0,"7":0,"8":0,"9":0,"10":0,"11":0},"f":{"0":0},"b":{"0":[0,0],"1":[0,0]}}
,"/home/raymondsze/Documents/Workspace/react-rsa/packages/react-rsa/src/decorators/injectReducers.jsx": {"path":"/home/raymondsze/Documents/Workspace/react-rsa/packages/react-rsa/src/decorators/injectReducers.jsx","statementMap":{"0":{"start":{"line":1,"column":13},"end":{"line":1,"column":75}},"1":{"start":{"line":1,"column":94},"end":{"line":1,"column":623}},"2":{"start":{"line":1,"column":149},"end":{"line":1,"column":414}},"3":{"start":{"line":1,"column":206},"end":{"line":1,"column":214}},"4":{"start":{"line":1,"column":215},"end":{"line":1,"column":270}},"5":{"start":{"line":1,"column":270},"end":{"line":1,"column":301}},"6":{"start":{"line":1,"column":301},"end":{"line":1,"column":355}},"7":{"start":{"line":1,"column":328},"end":{"line":1,"column":355}},"8":{"start":{"line":1,"column":355},"end":{"line":1,"column":413}},"9":{"start":{"line":1,"column":415},"end":{"line":1,"column":620}},"10":{"start":{"line":1,"column":471},"end":{"line":1,"column":539}},"11":{"start":{"line":1,"column":487},"end":{"line":1,"column":539}},"12":{"start":{"line":1,"column":539},"end":{"line":1,"column":599}},"13":{"start":{"line":1,"column":556},"end":{"line":1,"column":599}},"14":{"start":{"line":1,"column":599},"end":{"line":1,"column":618}},"15":{"start":{"line":1,"column":641},"end":{"line":1,"column":662}},"16":{"start":{"line":1,"column":681},"end":{"line":1,"column":715}},"17":{"start":{"line":2,"column":13},"end":{"line":2,"column":29}},"18":{"start":{"line":2,"column":44},"end":{"line":2,"column":74}},"19":{"start":{"line":2,"column":113},"end":{"line":2,"column":167}},"20":{"start":{"line":2,"column":217},"end":{"line":2,"column":316}},"21":{"start":{"line":2,"column":258},"end":{"line":2,"column":315}},"22":{"start":{"line":2,"column":366},"end":{"line":2,"column":465}},"23":{"start":{"line":2,"column":378},"end":{"line":2,"column":464}},"24":{"start":{"line":2,"column":465},"end":{"line":2,"column":551}},"25":{"start":{"line":2,"column":594},"end":{"line":2,"column":757}},"26":{"start":{"line":2,"column":656},"end":{"line":2,"column":756}},"27":{"start":{"line":2,"column":757},"end":{"line":2,"column":921}},"28":{"start":{"line":2,"column":921},"end":{"line":2,"column":1039}},"29":{"start":{"line":2,"column":937},"end":{"line":2,"column":1039}},"30":{"start":{"line":5,"column":2},"end":{"line":16,"column":144}},"31":{"start":{"line":5,"column":49},"end":{"line":16,"column":142}},"32":{"start":{"line":5,"column":102},"end":{"line":5,"column":144}},"33":{"start":{"line":10,"column":45},"end":{"line":10,"column":81}},"34":{"start":{"line":10,"column":93},"end":{"line":11,"column":24}},"35":{"start":{"line":12,"column":8},"end":{"line":12,"column":57}},"36":{"start":{"line":12,"column":57},"end":{"line":12,"column":70}},"37":{"start":{"line":13,"column":7},"end":{"line":16,"column":14}},"38":{"start":{"line":15,"column":10},"end":{"line":15,"column":70}},"39":{"start":{"line":16,"column":14},"end":{"line":16,"column":34}},"40":{"start":{"line":19,"column":1},"end":{"line":21,"column":13}}},"fnMap":{"0":{"name":"(anonymous_0)","decl":{"start":{"line":1,"column":94},"end":{"line":1,"column":95}},"loc":{"start":{"line":1,"column":106},"end":{"line":1,"column":621}},"line":1},"1":{"name":"defineProperties","decl":{"start":{"line":1,"column":116},"end":{"line":1,"column":132}},"loc":{"start":{"line":1,"column":148},"end":{"line":1,"column":415}},"line":1},"2":{"name":"(anonymous_2)","decl":{"start":{"line":1,"column":422},"end":{"line":1,"column":423}},"loc":{"start":{"line":1,"column":470},"end":{"line":1,"column":619}},"line":1},"3":{"name":"_interopRequireDefault","decl":{"start":{"line":2,"column":84},"end":{"line":2,"column":106}},"loc":{"start":{"line":2,"column":112},"end":{"line":2,"column":168}},"line":2},"4":{"name":"_classCallCheck","decl":{"start":{"line":2,"column":177},"end":{"line":2,"column":192}},"loc":{"start":{"line":2,"column":216},"end":{"line":2,"column":317}},"line":2},"5":{"name":"_possibleConstructorReturn","decl":{"start":{"line":2,"column":326},"end":{"line":2,"column":352}},"loc":{"start":{"line":2,"column":365},"end":{"line":2,"column":552}},"line":2},"6":{"name":"_inherits","decl":{"start":{"line":2,"column":561},"end":{"line":2,"column":570}},"loc":{"start":{"line":2,"column":593},"end":{"line":2,"column":1040}},"line":2},"7":{"name":"withReducers","decl":{"start":{"line":4,"column":9},"end":{"line":4,"column":21}},"loc":{"start":{"line":4,"column":37},"end":{"line":19,"column":1}},"line":4},"8":{"name":"(anonymous_8)","decl":{"start":{"line":5,"column":9},"end":{"line":5,"column":10}},"loc":{"start":{"line":5,"column":30},"end":{"line":16,"column":143}},"line":5},"9":{"name":"(anonymous_9)","decl":{"start":{"line":5,"column":73},"end":{"line":5,"column":74}},"loc":{"start":{"line":5,"column":101},"end":{"line":16,"column":35}},"line":5},"10":{"name":"WithReducers","decl":{"start":{"line":10,"column":15},"end":{"line":10,"column":27}},"loc":{"start":{"line":10,"column":44},"end":{"line":13,"column":7}},"line":10},"11":{"name":"render","decl":{"start":{"line":13,"column":68},"end":{"line":13,"column":74}},"loc":{"start":{"line":14,"column":8},"end":{"line":16,"column":9}},"line":14}},"branchMap":{"0":{"loc":{"start":{"line":1,"column":239},"end":{"line":1,"column":269}},"type":"binary-expr","locations":[{"start":{"line":1,"column":239},"end":{"line":1,"column":260}},{"start":{"line":1,"column":264},"end":{"line":1,"column":269}}],"line":1},"1":{"loc":{"start":{"line":1,"column":301},"end":{"line":1,"column":355}},"type":"if","locations":[{"start":{"line":1,"column":301},"end":{"line":1,"column":355}},{"start":{"line":1,"column":301},"end":{"line":1,"column":355}}],"line":1},"2":{"loc":{"start":{"line":1,"column":471},"end":{"line":1,"column":539}},"type":"if","locations":[{"start":{"line":1,"column":471},"end":{"line":1,"column":539}},{"start":{"line":1,"column":471},"end":{"line":1,"column":539}}],"line":1},"3":{"loc":{"start":{"line":1,"column":539},"end":{"line":1,"column":599}},"type":"if","locations":[{"start":{"line":1,"column":539},"end":{"line":1,"column":599}},{"start":{"line":1,"column":539},"end":{"line":1,"column":599}}],"line":1},"4":{"loc":{"start":{"line":2,"column":120},"end":{"line":2,"column":166}},"type":"cond-expr","locations":[{"start":{"line":2,"column":144},"end":{"line":2,"column":147}},{"start":{"line":2,"column":150},"end":{"line":2,"column":166}}],"line":2},"5":{"loc":{"start":{"line":2,"column":120},"end":{"line":2,"column":141}},"type":"binary-expr","locations":[{"start":{"line":2,"column":120},"end":{"line":2,"column":123}},{"start":{"line":2,"column":127},"end":{"line":2,"column":141}}],"line":2},"6":{"loc":{"start":{"line":2,"column":217},"end":{"line":2,"column":316}},"type":"if","locations":[{"start":{"line":2,"column":217},"end":{"line":2,"column":316}},{"start":{"line":2,"column":217},"end":{"line":2,"column":316}}],"line":2},"7":{"loc":{"start":{"line":2,"column":366},"end":{"line":2,"column":465}},"type":"if","locations":[{"start":{"line":2,"column":366},"end":{"line":2,"column":465}},{"start":{"line":2,"column":366},"end":{"line":2,"column":465}}],"line":2},"8":{"loc":{"start":{"line":2,"column":472},"end":{"line":2,"column":550}},"type":"cond-expr","locations":[{"start":{"line":2,"column":539},"end":{"line":2,"column":543}},{"start":{"line":2,"column":546},"end":{"line":2,"column":550}}],"line":2},"9":{"loc":{"start":{"line":2,"column":472},"end":{"line":2,"column":536}},"type":"binary-expr","locations":[{"start":{"line":2,"column":472},"end":{"line":2,"column":476}},{"start":{"line":2,"column":481},"end":{"line":2,"column":505}},{"start":{"line":2,"column":509},"end":{"line":2,"column":535}}],"line":2},"10":{"loc":{"start":{"line":2,"column":594},"end":{"line":2,"column":757}},"type":"if","locations":[{"start":{"line":2,"column":594},"end":{"line":2,"column":757}},{"start":{"line":2,"column":594},"end":{"line":2,"column":757}}],"line":2},"11":{"loc":{"start":{"line":2,"column":598},"end":{"line":2,"column":653}},"type":"binary-expr","locations":[{"start":{"line":2,"column":598},"end":{"line":2,"column":630}},{"start":{"line":2,"column":634},"end":{"line":2,"column":653}}],"line":2},"12":{"loc":{"start":{"line":2,"column":792},"end":{"line":2,"column":826}},"type":"binary-expr","locations":[{"start":{"line":2,"column":792},"end":{"line":2,"column":802}},{"start":{"line":2,"column":806},"end":{"line":2,"column":826}}],"line":2},"13":{"loc":{"start":{"line":2,"column":921},"end":{"line":2,"column":1039}},"type":"if","locations":[{"start":{"line":2,"column":921},"end":{"line":2,"column":1039}},{"start":{"line":2,"column":921},"end":{"line":2,"column":1039}}],"line":2},"14":{"loc":{"start":{"line":2,"column":937},"end":{"line":2,"column":1038}},"type":"cond-expr","locations":[{"start":{"line":2,"column":961},"end":{"line":2,"column":1004}},{"start":{"line":2,"column":1007},"end":{"line":2,"column":1038}}],"line":2},"15":{"loc":{"start":{"line":10,"column":127},"end":{"line":10,"column":188}},"type":"binary-expr","locations":[{"start":{"line":10,"column":127},"end":{"line":10,"column":149}},{"start":{"line":10,"column":153},"end":{"line":10,"column":188}}],"line":10}},"s":{"0":0,"1":0,"2":0,"3":0,"4":0,"5":0,"6":0,"7":0,"8":0,"9":0,"10":0,"11":0,"12":0,"13":0,"14":0,"15":0,"16":0,"17":0,"18":0,"19":0,"20":0,"21":0,"22":0,"23":0,"24":0,"25":0,"26":0,"27":0,"28":0,"29":0,"30":0,"31":0,"32":0,"33":0,"34":0,"35":0,"36":0,"37":0,"38":0,"39":0,"40":0},"f":{"0":0,"1":0,"2":0,"3":0,"4":0,"5":0,"6":0,"7":0,"8":0,"9":0,"10":0,"11":0},"b":{"0":[0,0],"1":[0,0],"2":[0,0],"3":[0,0],"4":[0,0],"5":[0,0],"6":[0,0],"7":[0,0],"8":[0,0],"9":[0,0,0],"10":[0,0],"11":[0,0],"12":[0,0],"13":[0,0],"14":[0,0],"15":[0,0]}}
,"/home/raymondsze/Documents/Workspace/react-rsa/packages/react-rsa/src/decorators/injectSagas.jsx": {"path":"/home/raymondsze/Documents/Workspace/react-rsa/packages/react-rsa/src/decorators/injectSagas.jsx","statementMap":{"0":{"start":{"line":1,"column":13},"end":{"line":1,"column":75}},"1":{"start":{"line":1,"column":94},"end":{"line":1,"column":623}},"2":{"start":{"line":1,"column":149},"end":{"line":1,"column":414}},"3":{"start":{"line":1,"column":206},"end":{"line":1,"column":214}},"4":{"start":{"line":1,"column":215},"end":{"line":1,"column":270}},"5":{"start":{"line":1,"column":270},"end":{"line":1,"column":301}},"6":{"start":{"line":1,"column":301},"end":{"line":1,"column":355}},"7":{"start":{"line":1,"column":328},"end":{"line":1,"column":355}},"8":{"start":{"line":1,"column":355},"end":{"line":1,"column":413}},"9":{"start":{"line":1,"column":415},"end":{"line":1,"column":620}},"10":{"start":{"line":1,"column":471},"end":{"line":1,"column":539}},"11":{"start":{"line":1,"column":487},"end":{"line":1,"column":539}},"12":{"start":{"line":1,"column":539},"end":{"line":1,"column":599}},"13":{"start":{"line":1,"column":556},"end":{"line":1,"column":599}},"14":{"start":{"line":1,"column":599},"end":{"line":1,"column":618}},"15":{"start":{"line":1,"column":641},"end":{"line":1,"column":662}},"16":{"start":{"line":1,"column":681},"end":{"line":1,"column":715}},"17":{"start":{"line":2,"column":13},"end":{"line":2,"column":29}},"18":{"start":{"line":2,"column":44},"end":{"line":2,"column":74}},"19":{"start":{"line":2,"column":113},"end":{"line":2,"column":167}},"20":{"start":{"line":2,"column":217},"end":{"line":2,"column":316}},"21":{"start":{"line":2,"column":258},"end":{"line":2,"column":315}},"22":{"start":{"line":2,"column":366},"end":{"line":2,"column":465}},"23":{"start":{"line":2,"column":378},"end":{"line":2,"column":464}},"24":{"start":{"line":2,"column":465},"end":{"line":2,"column":551}},"25":{"start":{"line":2,"column":594},"end":{"line":2,"column":757}},"26":{"start":{"line":2,"column":656},"end":{"line":2,"column":756}},"27":{"start":{"line":2,"column":757},"end":{"line":2,"column":921}},"28":{"start":{"line":2,"column":921},"end":{"line":2,"column":1039}},"29":{"start":{"line":2,"column":937},"end":{"line":2,"column":1039}},"30":{"start":{"line":5,"column":2},"end":{"line":16,"column":144}},"31":{"start":{"line":5,"column":49},"end":{"line":16,"column":142}},"32":{"start":{"line":5,"column":102},"end":{"line":5,"column":144}},"33":{"start":{"line":10,"column":45},"end":{"line":10,"column":81}},"34":{"start":{"line":10,"column":93},"end":{"line":11,"column":24}},"35":{"start":{"line":12,"column":8},"end":{"line":12,"column":51}},"36":{"start":{"line":12,"column":51},"end":{"line":12,"column":64}},"37":{"start":{"line":13,"column":7},"end":{"line":16,"column":14}},"38":{"start":{"line":15,"column":10},"end":{"line":15,"column":70}},"39":{"start":{"line":16,"column":14},"end":{"line":16,"column":34}},"40":{"start":{"line":19,"column":1},"end":{"line":21,"column":10}}},"fnMap":{"0":{"name":"(anonymous_0)","decl":{"start":{"line":1,"column":94},"end":{"line":1,"column":95}},"loc":{"start":{"line":1,"column":106},"end":{"line":1,"column":621}},"line":1},"1":{"name":"defineProperties","decl":{"start":{"line":1,"column":116},"end":{"line":1,"column":132}},"loc":{"start":{"line":1,"column":148},"end":{"line":1,"column":415}},"line":1},"2":{"name":"(anonymous_2)","decl":{"start":{"line":1,"column":422},"end":{"line":1,"column":423}},"loc":{"start":{"line":1,"column":470},"end":{"line":1,"column":619}},"line":1},"3":{"name":"_interopRequireDefault","decl":{"start":{"line":2,"column":84},"end":{"line":2,"column":106}},"loc":{"start":{"line":2,"column":112},"end":{"line":2,"column":168}},"line":2},"4":{"name":"_classCallCheck","decl":{"start":{"line":2,"column":177},"end":{"line":2,"column":192}},"loc":{"start":{"line":2,"column":216},"end":{"line":2,"column":317}},"line":2},"5":{"name":"_possibleConstructorReturn","decl":{"start":{"line":2,"column":326},"end":{"line":2,"column":352}},"loc":{"start":{"line":2,"column":365},"end":{"line":2,"column":552}},"line":2},"6":{"name":"_inherits","decl":{"start":{"line":2,"column":561},"end":{"line":2,"column":570}},"loc":{"start":{"line":2,"column":593},"end":{"line":2,"column":1040}},"line":2},"7":{"name":"withSagas","decl":{"start":{"line":4,"column":9},"end":{"line":4,"column":18}},"loc":{"start":{"line":4,"column":31},"end":{"line":19,"column":1}},"line":4},"8":{"name":"(anonymous_8)","decl":{"start":{"line":5,"column":9},"end":{"line":5,"column":10}},"loc":{"start":{"line":5,"column":30},"end":{"line":16,"column":143}},"line":5},"9":{"name":"(anonymous_9)","decl":{"start":{"line":5,"column":73},"end":{"line":5,"column":74}},"loc":{"start":{"line":5,"column":101},"end":{"line":16,"column":35}},"line":5},"10":{"name":"WithReducers","decl":{"start":{"line":10,"column":15},"end":{"line":10,"column":27}},"loc":{"start":{"line":10,"column":44},"end":{"line":13,"column":7}},"line":10},"11":{"name":"render","decl":{"start":{"line":13,"column":68},"end":{"line":13,"column":74}},"loc":{"start":{"line":14,"column":8},"end":{"line":16,"column":9}},"line":14}},"branchMap":{"0":{"loc":{"start":{"line":1,"column":239},"end":{"line":1,"column":269}},"type":"binary-expr","locations":[{"start":{"line":1,"column":239},"end":{"line":1,"column":260}},{"start":{"line":1,"column":264},"end":{"line":1,"column":269}}],"line":1},"1":{"loc":{"start":{"line":1,"column":301},"end":{"line":1,"column":355}},"type":"if","locations":[{"start":{"line":1,"column":301},"end":{"line":1,"column":355}},{"start":{"line":1,"column":301},"end":{"line":1,"column":355}}],"line":1},"2":{"loc":{"start":{"line":1,"column":471},"end":{"line":1,"column":539}},"type":"if","locations":[{"start":{"line":1,"column":471},"end":{"line":1,"column":539}},{"start":{"line":1,"column":471},"end":{"line":1,"column":539}}],"line":1},"3":{"loc":{"start":{"line":1,"column":539},"end":{"line":1,"column":599}},"type":"if","locations":[{"start":{"line":1,"column":539},"end":{"line":1,"column":599}},{"start":{"line":1,"column":539},"end":{"line":1,"column":599}}],"line":1},"4":{"loc":{"start":{"line":2,"column":120},"end":{"line":2,"column":166}},"type":"cond-expr","locations":[{"start":{"line":2,"column":144},"end":{"line":2,"column":147}},{"start":{"line":2,"column":150},"end":{"line":2,"column":166}}],"line":2},"5":{"loc":{"start":{"line":2,"column":120},"end":{"line":2,"column":141}},"type":"binary-expr","locations":[{"start":{"line":2,"column":120},"end":{"line":2,"column":123}},{"start":{"line":2,"column":127},"end":{"line":2,"column":141}}],"line":2},"6":{"loc":{"start":{"line":2,"column":217},"end":{"line":2,"column":316}},"type":"if","locations":[{"start":{"line":2,"column":217},"end":{"line":2,"column":316}},{"start":{"line":2,"column":217},"end":{"line":2,"column":316}}],"line":2},"7":{"loc":{"start":{"line":2,"column":366},"end":{"line":2,"column":465}},"type":"if","locations":[{"start":{"line":2,"column":366},"end":{"line":2,"column":465}},{"start":{"line":2,"column":366},"end":{"line":2,"column":465}}],"line":2},"8":{"loc":{"start":{"line":2,"column":472},"end":{"line":2,"column":550}},"type":"cond-expr","locations":[{"start":{"line":2,"column":539},"end":{"line":2,"column":543}},{"start":{"line":2,"column":546},"end":{"line":2,"column":550}}],"line":2},"9":{"loc":{"start":{"line":2,"column":472},"end":{"line":2,"column":536}},"type":"binary-expr","locations":[{"start":{"line":2,"column":472},"end":{"line":2,"column":476}},{"start":{"line":2,"column":481},"end":{"line":2,"column":505}},{"start":{"line":2,"column":509},"end":{"line":2,"column":535}}],"line":2},"10":{"loc":{"start":{"line":2,"column":594},"end":{"line":2,"column":757}},"type":"if","locations":[{"start":{"line":2,"column":594},"end":{"line":2,"column":757}},{"start":{"line":2,"column":594},"end":{"line":2,"column":757}}],"line":2},"11":{"loc":{"start":{"line":2,"column":598},"end":{"line":2,"column":653}},"type":"binary-expr","locations":[{"start":{"line":2,"column":598},"end":{"line":2,"column":630}},{"start":{"line":2,"column":634},"end":{"line":2,"column":653}}],"line":2},"12":{"loc":{"start":{"line":2,"column":792},"end":{"line":2,"column":826}},"type":"binary-expr","locations":[{"start":{"line":2,"column":792},"end":{"line":2,"column":802}},{"start":{"line":2,"column":806},"end":{"line":2,"column":826}}],"line":2},"13":{"loc":{"start":{"line":2,"column":921},"end":{"line":2,"column":1039}},"type":"if","locations":[{"start":{"line":2,"column":921},"end":{"line":2,"column":1039}},{"start":{"line":2,"column":921},"end":{"line":2,"column":1039}}],"line":2},"14":{"loc":{"start":{"line":2,"column":937},"end":{"line":2,"column":1038}},"type":"cond-expr","locations":[{"start":{"line":2,"column":961},"end":{"line":2,"column":1004}},{"start":{"line":2,"column":1007},"end":{"line":2,"column":1038}}],"line":2},"15":{"loc":{"start":{"line":10,"column":127},"end":{"line":10,"column":188}},"type":"binary-expr","locations":[{"start":{"line":10,"column":127},"end":{"line":10,"column":149}},{"start":{"line":10,"column":153},"end":{"line":10,"column":188}}],"line":10}},"s":{"0":0,"1":0,"2":0,"3":0,"4":0,"5":0,"6":0,"7":0,"8":0,"9":0,"10":0,"11":0,"12":0,"13":0,"14":0,"15":0,"16":0,"17":0,"18":0,"19":0,"20":0,"21":0,"22":0,"23":0,"24":0,"25":0,"26":0,"27":0,"28":0,"29":0,"30":0,"31":0,"32":0,"33":0,"34":0,"35":0,"36":0,"37":0,"38":0,"39":0,"40":0},"f":{"0":0,"1":0,"2":0,"3":0,"4":0,"5":0,"6":0,"7":0,"8":0,"9":0,"10":0,"11":0},"b":{"0":[0,0],"1":[0,0],"2":[0,0],"3":[0,0],"4":[0,0],"5":[0,0],"6":[0,0],"7":[0,0],"8":[0,0],"9":[0,0,0],"10":[0,0],"11":[0,0],"12":[0,0],"13":[0,0],"14":[0,0],"15":[0,0]}}
,"/home/raymondsze/Documents/Workspace/react-rsa/packages/react-rsa/src/decorators/withLocale.jsx": {"path":"/home/raymondsze/Documents/Workspace/react-rsa/packages/react-rsa/src/decorators/withLocale.jsx","statementMap":{"0":{"start":{"line":1,"column":13},"end":{"line":1,"column":75}},"1":{"start":{"line":1,"column":93},"end":{"line":1,"column":115}},"2":{"start":{"line":2,"column":16},"end":{"line":2,"column":35}},"3":{"start":{"line":4,"column":15},"end":{"line":4,"column":64}},"4":{"start":{"line":5,"column":17},"end":{"line":5,"column":68}},"5":{"start":{"line":7,"column":22},"end":{"line":10,"column":77}},"6":{"start":{"line":10,"column":29},"end":{"line":10,"column":75}},"7":{"start":{"line":14,"column":2},"end":{"line":15,"column":105}},"8":{"start":{"line":15,"column":49},"end":{"line":15,"column":101}},"9":{"start":{"line":20,"column":2},"end":{"line":20,"column":82}},"10":{"start":{"line":21,"column":1},"end":{"line":23,"column":11}}},"fnMap":{"0":{"name":"(anonymous_0)","decl":{"start":{"line":10,"column":0},"end":{"line":10,"column":1}},"loc":{"start":{"line":10,"column":28},"end":{"line":10,"column":76}},"line":10},"1":{"name":"mapDispatchToProps","decl":{"start":{"line":13,"column":9},"end":{"line":13,"column":27}},"loc":{"start":{"line":13,"column":38},"end":{"line":17,"column":1}},"line":13},"2":{"name":"changeLocale","decl":{"start":{"line":15,"column":27},"end":{"line":15,"column":39}},"loc":{"start":{"line":15,"column":48},"end":{"line":15,"column":102}},"line":15},"3":{"name":"withLocale","decl":{"start":{"line":19,"column":9},"end":{"line":19,"column":19}},"loc":{"start":{"line":19,"column":31},"end":{"line":21,"column":1}},"line":19}},"branchMap":{},"s":{"0":0,"1":0,"2":0,"3":0,"4":0,"5":0,"6":0,"7":0,"8":0,"9":0,"10":0},"f":{"0":0,"1":0,"2":0,"3":0},"b":{}}
}
